<?xml version="1.0" encoding="UTF-8"?>
<!-- Generated by org.testng.reporters.JUnitXMLReporter -->
<testsuite ignored="0" hostname="SHUBHAM" failures="13" tests="13" name="Test" time="955.38" errors="0" timestamp="2022-09-16T17:24:24 IST">
  <testcase classname="v12Staging.V12StagingForFlight" name="v12Stagingforflight" time="21.169">
    <failure type="org.openqa.selenium.UnhandledAlertException" message="unexpected alert open: {Alert text : Infants must be less than or equal to Adults.}
  (Session info: chrome=105.0.5195.126): Infants must be less than or equal to Adults.
Build info: version: &amp;apos;4.1.4&amp;apos;, revision: &amp;apos;535d840ee2&amp;apos;
System info: host: &amp;apos;SHUBHAM&amp;apos;, ip: &amp;apos;192.168.111.71&amp;apos;, os.name: &amp;apos;Windows 10&amp;apos;, os.arch: &amp;apos;amd64&amp;apos;, os.version: &amp;apos;10.0&amp;apos;, java.version: &amp;apos;17.0.1&amp;apos;
Driver info: org.openqa.selenium.chrome.ChromeDriver
Command: [90b6d7b5dc895acef497c1f0dda21ceb, screenshot {}]
Capabilities {acceptInsecureCerts: false, browserName: chrome, browserVersion: 105.0.5195.126, chrome: {chromedriverVersion: 104.0.5112.79 (3cf3e8c8a07d..., userDataDir: C:\Users\SHUBHA~1.NAT\AppDa...}, goog:chromeOptions: {debuggerAddress: localhost:61092}, javascriptEnabled: true, networkConnectionEnabled: false, pageLoadStrategy: normal, platform: WINDOWS, platformName: WINDOWS, proxy: Proxy(), se:cdp: ws://localhost:61092/devtoo..., se:cdpVersion: 105.0.5195.126, setWindowRect: true, strictFileInteractability: false, timeouts: {implicit: 0, pageLoad: 300000, script: 30000}, unhandledPromptBehavior: dismiss and notify, webauthn:extension:credBlob: true, webauthn:extension:largeBlob: true, webauthn:virtualAuthenticators: true}
Session ID: 90b6d7b5dc895acef497c1f0dda21ceb">
      <![CDATA[org.openqa.selenium.UnhandledAlertException: unexpected alert open: {Alert text : Infants must be less than or equal to Adults.}
  (Session info: chrome=105.0.5195.126): Infants must be less than or equal to Adults.
Build info: version: '4.1.4', revision: '535d840ee2'
System info: host: 'SHUBHAM', ip: '192.168.111.71', os.name: 'Windows 10', os.arch: 'amd64', os.version: '10.0', java.version: '17.0.1'
Driver info: org.openqa.selenium.chrome.ChromeDriver
Command: [90b6d7b5dc895acef497c1f0dda21ceb, screenshot {}]
Capabilities {acceptInsecureCerts: false, browserName: chrome, browserVersion: 105.0.5195.126, chrome: {chromedriverVersion: 104.0.5112.79 (3cf3e8c8a07d..., userDataDir: C:\Users\SHUBHA~1.NAT\AppDa...}, goog:chromeOptions: {debuggerAddress: localhost:61092}, javascriptEnabled: true, networkConnectionEnabled: false, pageLoadStrategy: normal, platform: WINDOWS, platformName: WINDOWS, proxy: Proxy(), se:cdp: ws://localhost:61092/devtoo..., se:cdpVersion: 105.0.5195.126, setWindowRect: true, strictFileInteractability: false, timeouts: {implicit: 0, pageLoad: 300000, script: 30000}, unhandledPromptBehavior: dismiss and notify, webauthn:extension:credBlob: true, webauthn:extension:largeBlob: true, webauthn:virtualAuthenticators: true}
Session ID: 90b6d7b5dc895acef497c1f0dda21ceb
at org.openqa.selenium.remote.codec.w3c.W3CHttpResponseCodec.decode(W3CHttpResponseCodec.java:131)
at org.openqa.selenium.remote.codec.w3c.W3CHttpResponseCodec.decode(W3CHttpResponseCodec.java:53)
at org.openqa.selenium.remote.HttpCommandExecutor.execute(HttpCommandExecutor.java:184)
at org.openqa.selenium.remote.service.DriverCommandExecutor.invokeExecute(DriverCommandExecutor.java:167)
at org.openqa.selenium.remote.service.DriverCommandExecutor.execute(DriverCommandExecutor.java:142)
at org.openqa.selenium.remote.RemoteWebDriver.execute(RemoteWebDriver.java:567)
at org.openqa.selenium.remote.RemoteWebDriver.execute(RemoteWebDriver.java:622)
at org.openqa.selenium.remote.RemoteWebDriver.execute(RemoteWebDriver.java:626)
at org.openqa.selenium.remote.RemoteWebDriver.getScreenshotAs(RemoteWebDriver.java:351)
at utilities.QaRobot.ScreenshotMethod(QaRobot.java:74)
at v12Staging.B2cTripType.flightTriptype(B2cTripType.java:187)
at v12Staging.V12StagingForFlight.v12Stagingforflight(V12StagingForFlight.java:75)
at java.base/java.util.ArrayList.forEach(ArrayList.java:1511)
... Removed 27 stack frames]]>
    </failure>
  </testcase> <!-- v12Stagingforflight -->
  <testcase classname="v12Staging.V12StagingForFlight" name="v12Stagingforflight" time="13.494">
    <failure type="v12Staging.B2cExceptionClass" message="Invalid date provided 32-Feb-2023">
      <![CDATA[v12Staging.B2cExceptionClass: Invalid date provided 32-Feb-2023
at v12Staging.B2cTripType.selectDateInCalendarOneWay(B2cTripType.java:515)
at v12Staging.B2cTripType.flightTriptype(B2cTripType.java:54)
at v12Staging.V12StagingForFlight.v12Stagingforflight(V12StagingForFlight.java:75)
at java.base/java.util.ArrayList.forEach(ArrayList.java:1511)
... Removed 27 stack frames]]>
    </failure>
  </testcase> <!-- v12Stagingforflight -->
  <testcase classname="v12Staging.V12StagingForFlight" name="v12Stagingforflight" time="14.337">
    <failure type="v12Staging.B2cExceptionClass" message="Invalid date provided 34-Oct-2022">
      <![CDATA[v12Staging.B2cExceptionClass: Invalid date provided 34-Oct-2022
at v12Staging.B2cTripType.selectDateInCalendarOneWay(B2cTripType.java:515)
at v12Staging.B2cTripType.flightTriptype(B2cTripType.java:54)
at v12Staging.V12StagingForFlight.v12Stagingforflight(V12StagingForFlight.java:75)
at java.base/java.util.ArrayList.forEach(ArrayList.java:1511)
... Removed 27 stack frames]]>
    </failure>
  </testcase> <!-- v12Stagingforflight -->
  <testcase classname="v12Staging.V12StagingForFlight" name="v12Stagingforflight" time="13.176">
    <failure type="v12Staging.B2cExceptionClass" message="Invalid date provided 25-Aug-2022">
      <![CDATA[v12Staging.B2cExceptionClass: Invalid date provided 25-Aug-2022
at v12Staging.B2cTripType.selectDateInCalendarOneWay(B2cTripType.java:533)
at v12Staging.B2cTripType.flightTriptype(B2cTripType.java:54)
at v12Staging.V12StagingForFlight.v12Stagingforflight(V12StagingForFlight.java:75)
at java.base/java.util.ArrayList.forEach(ArrayList.java:1511)
... Removed 27 stack frames]]>
    </failure>
  </testcase> <!-- v12Stagingforflight -->
  <testcase classname="v12Staging.V12StagingForFlight" name="v12Stagingforflight" time="12.881">
    <failure type="v12Staging.B2cExceptionClass" message="Invalid date provided 25-Dec-2021">
      <![CDATA[v12Staging.B2cExceptionClass: Invalid date provided 25-Dec-2021
at v12Staging.B2cTripType.selectDateInCalendarOneWay(B2cTripType.java:533)
at v12Staging.B2cTripType.flightTriptype(B2cTripType.java:54)
at v12Staging.V12StagingForFlight.v12Stagingforflight(V12StagingForFlight.java:75)
at java.base/java.util.ArrayList.forEach(ArrayList.java:1511)
... Removed 27 stack frames]]>
    </failure>
  </testcase> <!-- v12Stagingforflight -->
  <testcase classname="v12Staging.V12StagingForFlight" name="v12Stagingforflight" time="12.795">
    <failure type="v12Staging.B2cExceptionClass" message="Invalid date provided 8-Sep-2022">
      <![CDATA[v12Staging.B2cExceptionClass: Invalid date provided 8-Sep-2022
at v12Staging.B2cTripType.selectDateInCalendarOneWay(B2cTripType.java:533)
at v12Staging.B2cTripType.flightTriptype(B2cTripType.java:54)
at v12Staging.V12StagingForFlight.v12Stagingforflight(V12StagingForFlight.java:75)
at java.base/java.util.ArrayList.forEach(ArrayList.java:1511)
... Removed 27 stack frames]]>
    </failure>
  </testcase> <!-- v12Stagingforflight -->
  <testcase classname="v12Staging.V12StagingForFlight" name="v12Stagingforflight" time="12.796">
    <failure type="v12Staging.B2cExceptionClass" message="Invalid date provided 8-Sep-2022">
      <![CDATA[v12Staging.B2cExceptionClass: Invalid date provided 8-Sep-2022
at v12Staging.B2cTripType.selectDateInCalendarOneWay(B2cTripType.java:533)
at v12Staging.B2cTripType.flightTriptype(B2cTripType.java:54)
at v12Staging.V12StagingForFlight.v12Stagingforflight(V12StagingForFlight.java:75)
at java.base/java.util.ArrayList.forEach(ArrayList.java:1511)
... Removed 27 stack frames]]>
    </failure>
  </testcase> <!-- v12Stagingforflight -->
  <testcase classname="v12Staging.V12StagingForFlight" name="v12Stagingforflight" time="12.114">
    <failure type="org.openqa.selenium.ElementClickInterceptedException" message="element click intercepted: Element &amp;lt;img src=&amp;quot;/QLMetaB2C/Assets/Image/common/icon_calender.png&amp;quot; alt=&amp;quot;Popup&amp;quot; width=&amp;quot;25&amp;quot; height=&amp;quot;25&amp;quot;&amp;gt; is not clickable at point (374, 323). Other element would receive the click: &amp;lt;div id=&amp;quot;divFLDepart&amp;quot; class=&amp;quot;DynaDiv &amp;quot; style=&amp;quot;display: block;&amp;quot;&amp;gt;...&amp;lt;/div&amp;gt;
  (Session info: chrome=105.0.5195.126)
Build info: version: &amp;apos;4.1.4&amp;apos;, revision: &amp;apos;535d840ee2&amp;apos;
System info: host: &amp;apos;SHUBHAM&amp;apos;, ip: &amp;apos;192.168.111.71&amp;apos;, os.name: &amp;apos;Windows 10&amp;apos;, os.arch: &amp;apos;amd64&amp;apos;, os.version: &amp;apos;10.0&amp;apos;, java.version: &amp;apos;17.0.1&amp;apos;
Driver info: org.openqa.selenium.chrome.ChromeDriver
Command: [88396411d6be77b98680a6a2a6bcd995, clickElement {id=94657ef9-a11b-423c-8e72-5e9e4549c7cc}]
Capabilities {acceptInsecureCerts: false, browserName: chrome, browserVersion: 105.0.5195.126, chrome: {chromedriverVersion: 104.0.5112.79 (3cf3e8c8a07d..., userDataDir: C:\Users\SHUBHA~1.NAT\AppDa...}, goog:chromeOptions: {debuggerAddress: localhost:61364}, javascriptEnabled: true, networkConnectionEnabled: false, pageLoadStrategy: normal, platform: WINDOWS, platformName: WINDOWS, proxy: Proxy(), se:cdp: ws://localhost:61364/devtoo..., se:cdpVersion: 105.0.5195.126, setWindowRect: true, strictFileInteractability: false, timeouts: {implicit: 0, pageLoad: 300000, script: 30000}, unhandledPromptBehavior: dismiss and notify, webauthn:extension:credBlob: true, webauthn:extension:largeBlob: true, webauthn:virtualAuthenticators: true}
Element: [[ChromeDriver: chrome on WINDOWS (88396411d6be77b98680a6a2a6bcd995)] -&amp;gt; xpath: (//img[@alt=&amp;apos;Popup&amp;apos;])[1]]
Session ID: 88396411d6be77b98680a6a2a6bcd995">
      <![CDATA[org.openqa.selenium.ElementClickInterceptedException: element click intercepted: Element <img src="/QLMetaB2C/Assets/Image/common/icon_calender.png" alt="Popup" width="25" height="25"> is not clickable at point (374, 323). Other element would receive the click: <div id="divFLDepart" class="DynaDiv " style="display: block;">...</div>
  (Session info: chrome=105.0.5195.126)
Build info: version: '4.1.4', revision: '535d840ee2'
System info: host: 'SHUBHAM', ip: '192.168.111.71', os.name: 'Windows 10', os.arch: 'amd64', os.version: '10.0', java.version: '17.0.1'
Driver info: org.openqa.selenium.chrome.ChromeDriver
Command: [88396411d6be77b98680a6a2a6bcd995, clickElement {id=94657ef9-a11b-423c-8e72-5e9e4549c7cc}]
Capabilities {acceptInsecureCerts: false, browserName: chrome, browserVersion: 105.0.5195.126, chrome: {chromedriverVersion: 104.0.5112.79 (3cf3e8c8a07d..., userDataDir: C:\Users\SHUBHA~1.NAT\AppDa...}, goog:chromeOptions: {debuggerAddress: localhost:61364}, javascriptEnabled: true, networkConnectionEnabled: false, pageLoadStrategy: normal, platform: WINDOWS, platformName: WINDOWS, proxy: Proxy(), se:cdp: ws://localhost:61364/devtoo..., se:cdpVersion: 105.0.5195.126, setWindowRect: true, strictFileInteractability: false, timeouts: {implicit: 0, pageLoad: 300000, script: 30000}, unhandledPromptBehavior: dismiss and notify, webauthn:extension:credBlob: true, webauthn:extension:largeBlob: true, webauthn:virtualAuthenticators: true}
Element: [[ChromeDriver: chrome on WINDOWS (88396411d6be77b98680a6a2a6bcd995)] -> xpath: (//img[@alt='Popup'])[1]]
Session ID: 88396411d6be77b98680a6a2a6bcd995
at org.openqa.selenium.remote.codec.w3c.W3CHttpResponseCodec.createException(W3CHttpResponseCodec.java:200)
at org.openqa.selenium.remote.codec.w3c.W3CHttpResponseCodec.decode(W3CHttpResponseCodec.java:133)
at org.openqa.selenium.remote.codec.w3c.W3CHttpResponseCodec.decode(W3CHttpResponseCodec.java:53)
at org.openqa.selenium.remote.HttpCommandExecutor.execute(HttpCommandExecutor.java:184)
at org.openqa.selenium.remote.service.DriverCommandExecutor.invokeExecute(DriverCommandExecutor.java:167)
at org.openqa.selenium.remote.service.DriverCommandExecutor.execute(DriverCommandExecutor.java:142)
at org.openqa.selenium.remote.RemoteWebDriver.execute(RemoteWebDriver.java:567)
at org.openqa.selenium.remote.RemoteWebElement.execute(RemoteWebElement.java:251)
at org.openqa.selenium.remote.RemoteWebElement.click(RemoteWebElement.java:77)
at v12Staging.B2cTripType.flightTriptype(B2cTripType.java:51)
at v12Staging.V12StagingForFlight.v12Stagingforflight(V12StagingForFlight.java:75)
at java.base/java.util.ArrayList.forEach(ArrayList.java:1511)
... Removed 32 stack frames]]>
    </failure>
  </testcase> <!-- v12Stagingforflight -->
  <testcase classname="v12Staging.V12StagingForFlight" name="v12Stagingforflight" time="12.604">
    <failure type="v12Staging.B2cExceptionClass" message="Invalid date provided 25-Aug-2022">
      <![CDATA[v12Staging.B2cExceptionClass: Invalid date provided 25-Aug-2022
at v12Staging.B2cTripType.selectDateInCalendarRoundTrip(B2cTripType.java:672)
at v12Staging.B2cTripType.flightTriptype(B2cTripType.java:124)
at v12Staging.V12StagingForFlight.v12Stagingforflight(V12StagingForFlight.java:75)
at java.base/java.util.ArrayList.forEach(ArrayList.java:1511)
... Removed 27 stack frames]]>
    </failure>
  </testcase> <!-- v12Stagingforflight -->
  <testcase classname="v12Staging.V12StagingForFlight" name="v12Stagingforflight" time="125.551">
    <failure type="v12Staging.B2cExceptionClass" message="Invalid Adult Date Selection : 25-Nov-2010">
      <![CDATA[v12Staging.B2cExceptionClass: Invalid Adult Date Selection : 25-Nov-2010
at v12Staging.B2cCheckoutPage.GuestAdultCheckoutForFlight(B2cCheckoutPage.java:112)
at v12Staging.V12StagingForFlight.v12Stagingforflight(V12StagingForFlight.java:82)
at java.base/java.util.ArrayList.forEach(ArrayList.java:1511)
... Removed 27 stack frames]]>
    </failure>
  </testcase> <!-- v12Stagingforflight -->
  <testcase classname="v12Staging.V12StagingForFlight" name="v12Stagingforflight" time="225.546">
    <failure type="v12Staging.B2cExceptionClass" message="Invalid Child Date Selection : 25-Apr-2009">
      <![CDATA[v12Staging.B2cExceptionClass: Invalid Child Date Selection : 25-Apr-2009
at v12Staging.B2cCheckoutPage.GuestChildCheckoutForFlight(B2cCheckoutPage.java:309)
at v12Staging.V12StagingForFlight.v12Stagingforflight(V12StagingForFlight.java:84)
at java.base/java.util.ArrayList.forEach(ArrayList.java:1511)
... Removed 27 stack frames]]>
    </failure>
  </testcase> <!-- v12Stagingforflight -->
  <testcase classname="v12Staging.V12StagingForFlight" name="v12Stagingforflight" time="225.19">
    <failure type="v12Staging.B2cExceptionClass" message="Invalid Child Date Selection : 25-Apr-2021">
      <![CDATA[v12Staging.B2cExceptionClass: Invalid Child Date Selection : 25-Apr-2021
at v12Staging.B2cCheckoutPage.GuestChildCheckoutForFlight(B2cCheckoutPage.java:309)
at v12Staging.V12StagingForFlight.v12Stagingforflight(V12StagingForFlight.java:84)
at java.base/java.util.ArrayList.forEach(ArrayList.java:1511)
... Removed 27 stack frames]]>
    </failure>
  </testcase> <!-- v12Stagingforflight -->
  <testcase classname="v12Staging.V12StagingForFlight" name="v12Stagingforflight" time="243.611">
    <failure type="v12Staging.B2cExceptionClass" message="Invalid Infant Date Selection : 25-Apr-2019">
      <![CDATA[v12Staging.B2cExceptionClass: Invalid Infant Date Selection : 25-Apr-2019
at v12Staging.B2cCheckoutPage.GuestInfantCheckoutForFlight(B2cCheckoutPage.java:411)
at v12Staging.V12StagingForFlight.v12Stagingforflight(V12StagingForFlight.java:86)
at java.base/java.util.ArrayList.forEach(ArrayList.java:1511)
... Removed 27 stack frames]]>
    </failure>
  </testcase> <!-- v12Stagingforflight -->
</testsuite> <!-- Test -->
