<?xml version="1.0" encoding="UTF-8"?>
<!-- Generated by org.testng.reporters.JUnitXMLReporter -->
<testsuite ignored="0" hostname="SHUBHAM" failures="0" tests="5" name="Test" time="1703.388" errors="0" timestamp="2024-08-12T11:43:40 IST">
  <testcase classname="ManualBooking.HotelBooking" name="corporateProfiling" time="317.016"/>
  <testcase classname="ManualBooking.HotelBooking" name="corporateProfiling" time="339.349"/>
  <testcase classname="ManualBooking.HotelBooking" name="corporateProfiling" time="343.804"/>
  <testcase classname="ManualBooking.HotelBooking" name="corporateProfiling" time="341.809"/>
  <testcase classname="ManualBooking.HotelBooking" name="corporateProfiling" time="360.127"/>
</testsuite> <!-- Test -->
