<?xml version="1.0" encoding="UTF-8"?>
<testng-results ignored="0" total="8" passed="7" failed="1" skipped="0">
  <reporter-output>
  </reporter-output>
  <suite started-at="2025-05-27T10:44:45 IST" name="Default suite" finished-at="2025-05-27T11:22:42 IST" duration-ms="2277086">
    <groups>
    </groups>
    <test started-at="2025-05-27T10:44:45 IST" name="Default test" finished-at="2025-05-27T11:22:42 IST" duration-ms="2277086">
      <class name="ManualBooking.FlightBookingBODC">
        <test-method signature="corporateProfiling(java.lang.String,java.lang.String,java.lang.String,java.lang.String,java.lang.String,java.lang.String,java.lang.String,java.lang.String,java.lang.String,java.lang.String,java.lang.String,java.lang.String,java.lang.String,java.lang.String,java.lang.String,java.lang.String,java.lang.String,java.lang.String,java.lang.String,java.lang.String,java.lang.String,java.lang.String,java.lang.String,java.lang.String,java.lang.String,java.lang.String,java.lang.String,java.lang.String,java.lang.String,java.lang.String,java.lang.String,java.lang.String,java.lang.String,java.lang.String,java.lang.String,java.lang.String,java.lang.String,java.lang.String,java.lang.String,java.lang.String,java.lang.String,java.lang.String,java.lang.String,java.lang.String,java.lang.String,java.lang.String,java.lang.String,java.lang.String,java.lang.String,java.lang.String,java.lang.String,java.lang.String,java.lang.String,java.lang.String,java.lang.String,java.lang.String,java.lang.String,java.lang.String,java.lang.String,java.lang.String,java.lang.String,java.lang.String,java.lang.String,java.lang.String,java.lang.String,java.lang.String,java.lang.String,java.lang.String)[pri:0, instance:ManualBooking.FlightBookingBODC@c88a337]" started-at="2025-05-27T10:44:46 IST" name="corporateProfiling" data-provider="getexceldata" finished-at="2025-05-27T10:49:28 IST" duration-ms="281758" status="PASS">
          <params>
            <param index="0">
              <value>
                <![CDATA[Test MO 1]]>
              </value>
            </param>
            <param index="1">
              <value>
                <![CDATA[Verify manual booking for one way flight with 1 adult]]>
              </value>
            </param>
            <param index="2">
              <value>
                <![CDATA[mo]]>
              </value>
            </param>
            <param index="3">
              <value>
                <![CDATA[//v12staging/backoffice/]]>
              </value>
            </param>
            <param index="4">
              <value>
                <![CDATA[qlabs12345]]>
              </value>
            </param>
            <param index="5">
              <value>
                <![CDATA[k.gaurav]]>
              </value>
            </param>
            <param index="6">
              <value>
                <![CDATA[E0@DA44FE]]>
              </value>
            </param>
            <param index="7">
              <value>
                <![CDATA[akshay.kumar@quadlabs.com]]>
              </value>
            </param>
            <param index="8">
              <value>
                <![CDATA[1]]>
              </value>
            </param>
            <param index="9">
              <value>
                <![CDATA[0]]>
              </value>
            </param>
            <param index="10">
              <value>
                <![CDATA[0]]>
              </value>
            </param>
            <param index="11">
              <value>
                <![CDATA[Gaurav Shah,Sumit Shah]]>
              </value>
            </param>
            <param index="12">
              <value>
                <![CDATA[Sachin Shah,Sunita Shah]]>
              </value>
            </param>
            <param index="13">
              <value>
                <![CDATA[Sanjay Shah,Satish Shah]]>
              </value>
            </param>
            <param index="14">
              <value>
                <![CDATA[5-Aug-2016,5-Jan-2016]]>
              </value>
            </param>
            <param index="15">
              <value>
                <![CDATA[5-Aug-2023,5-Feb-2023]]>
              </value>
            </param>
            <param index="16">
              <value>
                <![CDATA[DEL]]>
              </value>
            </param>
            <param index="17">
              <value>
                <![CDATA[BOM]]>
              </value>
            </param>
            <param index="18">
              <value>
                <![CDATA[1245011]]>
              </value>
            </param>
            <param index="19">
              <value>
                <![CDATA[EK]]>
              </value>
            </param>
            <param index="20">
              <value>
                <![CDATA[EK-Emirates]]>
              </value>
            </param>
            <param index="21">
              <value>
                <![CDATA[One Way]]>
              </value>
            </param>
            <param index="22">
              <value>
                <![CDATA[EK]]>
              </value>
            </param>
            <param index="23">
              <value>
                <![CDATA[130]]>
              </value>
            </param>
            <param index="24">
              <value>
                <![CDATA[8-Aug-2025]]>
              </value>
            </param>
            <param index="25">
              <value>
                <![CDATA[4]]>
              </value>
            </param>
            <param index="26">
              <value>
                <![CDATA[10-Aug-2025]]>
              </value>
            </param>
            <param index="27">
              <value>
                <![CDATA[12]]>
              </value>
            </param>
            <param index="28">
              <value>
                <![CDATA[K]]>
              </value>
            </param>
            <param index="29">
              <value>
                <![CDATA[HK]]>
              </value>
            </param>
            <param index="30">
              <value>
                <![CDATA[784552]]>
              </value>
            </param>
            <param index="31">
              <value>
                <![CDATA[DEL]]>
              </value>
            </param>
            <param index="32">
              <value>
                <![CDATA[BOM]]>
              </value>
            </param>
            <param index="33">
              <value>
                <![CDATA[6E]]>
              </value>
            </param>
            <param index="34">
              <value>
                <![CDATA[141]]>
              </value>
            </param>
            <param index="35">
              <value>
                <![CDATA[15-Aug-2025]]>
              </value>
            </param>
            <param index="36">
              <value>
                <![CDATA[12]]>
              </value>
            </param>
            <param index="37">
              <value>
                <![CDATA[17-Aug-2025]]>
              </value>
            </param>
            <param index="38">
              <value>
                <![CDATA[14]]>
              </value>
            </param>
            <param index="39">
              <value>
                <![CDATA[K]]>
              </value>
            </param>
            <param index="40">
              <value>
                <![CDATA[HK]]>
              </value>
            </param>
            <param index="41">
              <value>
                <![CDATA[784523]]>
              </value>
            </param>
            <param index="42">
              <value>
                <![CDATA[BSP Supplier]]>
              </value>
            </param>
            <param index="43">
              <value>
                <![CDATA[110]]>
              </value>
            </param>
            <param index="44">
              <value>
                <![CDATA[Yes]]>
              </value>
            </param>
            <param index="45">
              <value>
                <![CDATA[Tax,Commission]]>
              </value>
            </param>
            <param index="46">
              <value>
                <![CDATA[1]]>
              </value>
            </param>
            <param index="47">
              <value>
                <![CDATA[YR,YQ]]>
              </value>
            </param>
            <param index="48">
              <value>
                <![CDATA[10,20]]>
              </value>
            </param>
            <param index="49">
              <value>
                <![CDATA[30]]>
              </value>
            </param>
            <param index="50">
              <value>
                <![CDATA[No]]>
              </value>
            </param>
            <param index="51">
              <value>
                <![CDATA[Tax,Commission]]>
              </value>
            </param>
            <param index="52">
              <value>
                <![CDATA[2]]>
              </value>
            </param>
            <param index="53">
              <value>
                <![CDATA[YR,YQ]]>
              </value>
            </param>
            <param index="54">
              <value>
                <![CDATA[10,20]]>
              </value>
            </param>
            <param index="55">
              <value>
                <![CDATA[40]]>
              </value>
            </param>
            <param index="56">
              <value>
                <![CDATA[Yes]]>
              </value>
            </param>
            <param index="57">
              <value>
                <![CDATA[Tax,Commission]]>
              </value>
            </param>
            <param index="58">
              <value>
                <![CDATA[2]]>
              </value>
            </param>
            <param index="59">
              <value>
                <![CDATA[YR,YQ]]>
              </value>
            </param>
            <param index="60">
              <value>
                <![CDATA[10,20]]>
              </value>
            </param>
            <param index="61">
              <value>
                <![CDATA[No]]>
              </value>
            </param>
            <param index="62">
              <value>
                <![CDATA[1]]>
              </value>
            </param>
            <param index="63">
              <value>
                <![CDATA[Baggage Charges,Markup,Meal Charges]]>
              </value>
            </param>
            <param index="64">
              <value>
                <![CDATA[10,20,30]]>
              </value>
            </param>
            <param index="65">
              <value>
                <![CDATA[30]]>
              </value>
            </param>
            <param index="66">
              <value>
                <![CDATA[240520250,8888008117,8888888118,8888888828,8888888829]]>
              </value>
            </param>
            <param index="67">
              <value>
                <![CDATA[Cash]]>
              </value>
            </param>
          </params>
          <reporter-output>
          </reporter-output>
        </test-method> <!-- corporateProfiling -->
        <test-method is-config="true" signature="afterMethod()[pri:0, instance:ManualBooking.FlightBookingBODC@c88a337]" started-at="2025-05-27T10:49:28 IST" name="afterMethod" finished-at="2025-05-27T10:49:28 IST" duration-ms="231" status="PASS">
          <reporter-output>
          </reporter-output>
        </test-method> <!-- afterMethod -->
        <test-method signature="corporateProfiling(java.lang.String,java.lang.String,java.lang.String,java.lang.String,java.lang.String,java.lang.String,java.lang.String,java.lang.String,java.lang.String,java.lang.String,java.lang.String,java.lang.String,java.lang.String,java.lang.String,java.lang.String,java.lang.String,java.lang.String,java.lang.String,java.lang.String,java.lang.String,java.lang.String,java.lang.String,java.lang.String,java.lang.String,java.lang.String,java.lang.String,java.lang.String,java.lang.String,java.lang.String,java.lang.String,java.lang.String,java.lang.String,java.lang.String,java.lang.String,java.lang.String,java.lang.String,java.lang.String,java.lang.String,java.lang.String,java.lang.String,java.lang.String,java.lang.String,java.lang.String,java.lang.String,java.lang.String,java.lang.String,java.lang.String,java.lang.String,java.lang.String,java.lang.String,java.lang.String,java.lang.String,java.lang.String,java.lang.String,java.lang.String,java.lang.String,java.lang.String,java.lang.String,java.lang.String,java.lang.String,java.lang.String,java.lang.String,java.lang.String,java.lang.String,java.lang.String,java.lang.String,java.lang.String,java.lang.String)[pri:0, instance:ManualBooking.FlightBookingBODC@c88a337]" started-at="2025-05-27T10:49:28 IST" name="corporateProfiling" data-provider="getexceldata" finished-at="2025-05-27T10:54:09 IST" duration-ms="280942" status="PASS">
          <params>
            <param index="0">
              <value>
                <![CDATA[Test MO 2]]>
              </value>
            </param>
            <param index="1">
              <value>
                <![CDATA[Verify manual booking for one way flight with domestic search]]>
              </value>
            </param>
            <param index="2">
              <value>
                <![CDATA[mo]]>
              </value>
            </param>
            <param index="3">
              <value>
                <![CDATA[//v12staging/backoffice/]]>
              </value>
            </param>
            <param index="4">
              <value>
                <![CDATA[qlabs12345]]>
              </value>
            </param>
            <param index="5">
              <value>
                <![CDATA[k.gaurav]]>
              </value>
            </param>
            <param index="6">
              <value>
                <![CDATA[E0@DA44FE]]>
              </value>
            </param>
            <param index="7">
              <value>
                <![CDATA[akshay.kumar@quadlabs.com]]>
              </value>
            </param>
            <param index="8">
              <value>
                <![CDATA[1]]>
              </value>
            </param>
            <param index="9">
              <value>
                <![CDATA[0]]>
              </value>
            </param>
            <param index="10">
              <value>
                <![CDATA[0]]>
              </value>
            </param>
            <param index="11">
              <value>
                <![CDATA[Saurav Shah,Sumit Shah]]>
              </value>
            </param>
            <param index="12">
              <value>
                <![CDATA[Nachin Shah,Sunita Shah]]>
              </value>
            </param>
            <param index="13">
              <value>
                <![CDATA[Sanjay Shah,Satish Shah]]>
              </value>
            </param>
            <param index="14">
              <value>
                <![CDATA[5-Aug-2016,5-Jan-2016]]>
              </value>
            </param>
            <param index="15">
              <value>
                <![CDATA[5-Aug-2023,5-Feb-2023]]>
              </value>
            </param>
            <param index="16">
              <value>
                <![CDATA[DEL]]>
              </value>
            </param>
            <param index="17">
              <value>
                <![CDATA[BLR]]>
              </value>
            </param>
            <param index="18">
              <value>
                <![CDATA[1245012]]>
              </value>
            </param>
            <param index="19">
              <value>
                <![CDATA[EK]]>
              </value>
            </param>
            <param index="20">
              <value>
                <![CDATA[EK-Emirates]]>
              </value>
            </param>
            <param index="21">
              <value>
                <![CDATA[One Way]]>
              </value>
            </param>
            <param index="22">
              <value>
                <![CDATA[EK]]>
              </value>
            </param>
            <param index="23">
              <value>
                <![CDATA[132]]>
              </value>
            </param>
            <param index="24">
              <value>
                <![CDATA[10-Aug-2025]]>
              </value>
            </param>
            <param index="25">
              <value>
                <![CDATA[6]]>
              </value>
            </param>
            <param index="26">
              <value>
                <![CDATA[12-Aug-2025]]>
              </value>
            </param>
            <param index="27">
              <value>
                <![CDATA[14]]>
              </value>
            </param>
            <param index="28">
              <value>
                <![CDATA[L]]>
              </value>
            </param>
            <param index="29">
              <value>
                <![CDATA[HK]]>
              </value>
            </param>
            <param index="30">
              <value>
                <![CDATA[784554]]>
              </value>
            </param>
            <param index="31">
              <value>
                <![CDATA[DEL]]>
              </value>
            </param>
            <param index="32">
              <value>
                <![CDATA[BLR]]>
              </value>
            </param>
            <param index="33">
              <value>
                <![CDATA[6E]]>
              </value>
            </param>
            <param index="34">
              <value>
                <![CDATA[143]]>
              </value>
            </param>
            <param index="35">
              <value>
                <![CDATA[15-Aug-2025]]>
              </value>
            </param>
            <param index="36">
              <value>
                <![CDATA[14]]>
              </value>
            </param>
            <param index="37">
              <value>
                <![CDATA[17-Aug-2025]]>
              </value>
            </param>
            <param index="38">
              <value>
                <![CDATA[16]]>
              </value>
            </param>
            <param index="39">
              <value>
                <![CDATA[C]]>
              </value>
            </param>
            <param index="40">
              <value>
                <![CDATA[HK]]>
              </value>
            </param>
            <param index="41">
              <value>
                <![CDATA[784525]]>
              </value>
            </param>
            <param index="42">
              <value>
                <![CDATA[BSP Supplier]]>
              </value>
            </param>
            <param index="43">
              <value>
                <![CDATA[112]]>
              </value>
            </param>
            <param index="44">
              <value>
                <![CDATA[No]]>
              </value>
            </param>
            <param index="45">
              <value>
                <![CDATA[Tax,Commission]]>
              </value>
            </param>
            <param index="46">
              <value>
                <![CDATA[1]]>
              </value>
            </param>
            <param index="47">
              <value>
                <![CDATA[YR,YQ]]>
              </value>
            </param>
            <param index="48">
              <value>
                <![CDATA[10,20]]>
              </value>
            </param>
            <param index="49">
              <value>
                <![CDATA[31]]>
              </value>
            </param>
            <param index="50">
              <value>
                <![CDATA[No]]>
              </value>
            </param>
            <param index="51">
              <value>
                <![CDATA[Tax,Commission]]>
              </value>
            </param>
            <param index="52">
              <value>
                <![CDATA[2]]>
              </value>
            </param>
            <param index="53">
              <value>
                <![CDATA[YR,YQ]]>
              </value>
            </param>
            <param index="54">
              <value>
                <![CDATA[10,20]]>
              </value>
            </param>
            <param index="55">
              <value>
                <![CDATA[41]]>
              </value>
            </param>
            <param index="56">
              <value>
                <![CDATA[Yes]]>
              </value>
            </param>
            <param index="57">
              <value>
                <![CDATA[Tax,Commission]]>
              </value>
            </param>
            <param index="58">
              <value>
                <![CDATA[2]]>
              </value>
            </param>
            <param index="59">
              <value>
                <![CDATA[YR,YQ]]>
              </value>
            </param>
            <param index="60">
              <value>
                <![CDATA[10,20]]>
              </value>
            </param>
            <param index="61">
              <value>
                <![CDATA[No]]>
              </value>
            </param>
            <param index="62">
              <value>
                <![CDATA[3]]>
              </value>
            </param>
            <param index="63">
              <value>
                <![CDATA[Baggage Charges,Markup,Meal Charges]]>
              </value>
            </param>
            <param index="64">
              <value>
                <![CDATA[10,20,30]]>
              </value>
            </param>
            <param index="65">
              <value>
                <![CDATA[30]]>
              </value>
            </param>
            <param index="66">
              <value>
                <![CDATA[240520251,8888008117,8888888118,8888888828,8888888829]]>
              </value>
            </param>
            <param index="67">
              <value>
                <![CDATA[Cash]]>
              </value>
            </param>
          </params>
          <reporter-output>
          </reporter-output>
        </test-method> <!-- corporateProfiling -->
        <test-method is-config="true" signature="afterMethod()[pri:0, instance:ManualBooking.FlightBookingBODC@c88a337]" started-at="2025-05-27T10:54:09 IST" name="afterMethod" finished-at="2025-05-27T10:54:10 IST" duration-ms="21" status="PASS">
          <reporter-output>
          </reporter-output>
        </test-method> <!-- afterMethod -->
        <test-method signature="corporateProfiling(java.lang.String,java.lang.String,java.lang.String,java.lang.String,java.lang.String,java.lang.String,java.lang.String,java.lang.String,java.lang.String,java.lang.String,java.lang.String,java.lang.String,java.lang.String,java.lang.String,java.lang.String,java.lang.String,java.lang.String,java.lang.String,java.lang.String,java.lang.String,java.lang.String,java.lang.String,java.lang.String,java.lang.String,java.lang.String,java.lang.String,java.lang.String,java.lang.String,java.lang.String,java.lang.String,java.lang.String,java.lang.String,java.lang.String,java.lang.String,java.lang.String,java.lang.String,java.lang.String,java.lang.String,java.lang.String,java.lang.String,java.lang.String,java.lang.String,java.lang.String,java.lang.String,java.lang.String,java.lang.String,java.lang.String,java.lang.String,java.lang.String,java.lang.String,java.lang.String,java.lang.String,java.lang.String,java.lang.String,java.lang.String,java.lang.String,java.lang.String,java.lang.String,java.lang.String,java.lang.String,java.lang.String,java.lang.String,java.lang.String,java.lang.String,java.lang.String,java.lang.String,java.lang.String,java.lang.String)[pri:0, instance:ManualBooking.FlightBookingBODC@c88a337]" started-at="2025-05-27T10:54:10 IST" name="corporateProfiling" data-provider="getexceldata" finished-at="2025-05-27T10:59:56 IST" duration-ms="346486" status="PASS">
          <params>
            <param index="0">
              <value>
                <![CDATA[Test MO 3]]>
              </value>
            </param>
            <param index="1">
              <value>
                <![CDATA[Verify manual booking for one way flight with 1 adult with internation search]]>
              </value>
            </param>
            <param index="2">
              <value>
                <![CDATA[mo]]>
              </value>
            </param>
            <param index="3">
              <value>
                <![CDATA[//v12staging/backoffice/]]>
              </value>
            </param>
            <param index="4">
              <value>
                <![CDATA[qlabs12345]]>
              </value>
            </param>
            <param index="5">
              <value>
                <![CDATA[k.gaurav]]>
              </value>
            </param>
            <param index="6">
              <value>
                <![CDATA[E0@DA44FE]]>
              </value>
            </param>
            <param index="7">
              <value>
                <![CDATA[akshay.kumar@quadlabs.com]]>
              </value>
            </param>
            <param index="8">
              <value>
                <![CDATA[1]]>
              </value>
            </param>
            <param index="9">
              <value>
                <![CDATA[0]]>
              </value>
            </param>
            <param index="10">
              <value>
                <![CDATA[1]]>
              </value>
            </param>
            <param index="11">
              <value>
                <![CDATA[Aaurav Shah,Sumit Shah]]>
              </value>
            </param>
            <param index="12">
              <value>
                <![CDATA[Sachin Shah,Sunita Shah]]>
              </value>
            </param>
            <param index="13">
              <value>
                <![CDATA[Sanjay Shah,Satish Shah]]>
              </value>
            </param>
            <param index="14">
              <value>
                <![CDATA[5-Aug-2016,5-Jan-2016]]>
              </value>
            </param>
            <param index="15">
              <value>
                <![CDATA[5-Aug-2024,5-Feb-2023]]>
              </value>
            </param>
            <param index="16">
              <value>
                <![CDATA[DEL]]>
              </value>
            </param>
            <param index="17">
              <value>
                <![CDATA[DXB]]>
              </value>
            </param>
            <param index="18">
              <value>
                <![CDATA[1245013]]>
              </value>
            </param>
            <param index="19">
              <value>
                <![CDATA[EK]]>
              </value>
            </param>
            <param index="20">
              <value>
                <![CDATA[EK-Emirates]]>
              </value>
            </param>
            <param index="21">
              <value>
                <![CDATA[One Way]]>
              </value>
            </param>
            <param index="22">
              <value>
                <![CDATA[EK]]>
              </value>
            </param>
            <param index="23">
              <value>
                <![CDATA[134]]>
              </value>
            </param>
            <param index="24">
              <value>
                <![CDATA[11-Aug-2025]]>
              </value>
            </param>
            <param index="25">
              <value>
                <![CDATA[8]]>
              </value>
            </param>
            <param index="26">
              <value>
                <![CDATA[13-Aug-2025]]>
              </value>
            </param>
            <param index="27">
              <value>
                <![CDATA[16]]>
              </value>
            </param>
            <param index="28">
              <value>
                <![CDATA[P]]>
              </value>
            </param>
            <param index="29">
              <value>
                <![CDATA[HK]]>
              </value>
            </param>
            <param index="30">
              <value>
                <![CDATA[784556]]>
              </value>
            </param>
            <param index="31">
              <value>
                <![CDATA[DEL]]>
              </value>
            </param>
            <param index="32">
              <value>
                <![CDATA[CCU]]>
              </value>
            </param>
            <param index="33">
              <value>
                <![CDATA[6E]]>
              </value>
            </param>
            <param index="34">
              <value>
                <![CDATA[145]]>
              </value>
            </param>
            <param index="35">
              <value>
                <![CDATA[15-Aug-2025]]>
              </value>
            </param>
            <param index="36">
              <value>
                <![CDATA[16]]>
              </value>
            </param>
            <param index="37">
              <value>
                <![CDATA[17-Aug-2025]]>
              </value>
            </param>
            <param index="38">
              <value>
                <![CDATA[18]]>
              </value>
            </param>
            <param index="39">
              <value>
                <![CDATA[M]]>
              </value>
            </param>
            <param index="40">
              <value>
                <![CDATA[HK]]>
              </value>
            </param>
            <param index="41">
              <value>
                <![CDATA[784527]]>
              </value>
            </param>
            <param index="42">
              <value>
                <![CDATA[BSP Supplier]]>
              </value>
            </param>
            <param index="43">
              <value>
                <![CDATA[114]]>
              </value>
            </param>
            <param index="44">
              <value>
                <![CDATA[No]]>
              </value>
            </param>
            <param index="45">
              <value>
                <![CDATA[Tax,Commission]]>
              </value>
            </param>
            <param index="46">
              <value>
                <![CDATA[1]]>
              </value>
            </param>
            <param index="47">
              <value>
                <![CDATA[YR,YQ]]>
              </value>
            </param>
            <param index="48">
              <value>
                <![CDATA[10,20]]>
              </value>
            </param>
            <param index="49">
              <value>
                <![CDATA[32]]>
              </value>
            </param>
            <param index="50">
              <value>
                <![CDATA[Yes]]>
              </value>
            </param>
            <param index="51">
              <value>
                <![CDATA[Tax,Commission]]>
              </value>
            </param>
            <param index="52">
              <value>
                <![CDATA[2]]>
              </value>
            </param>
            <param index="53">
              <value>
                <![CDATA[YR,YQ]]>
              </value>
            </param>
            <param index="54">
              <value>
                <![CDATA[10,20]]>
              </value>
            </param>
            <param index="55">
              <value>
                <![CDATA[42]]>
              </value>
            </param>
            <param index="56">
              <value>
                <![CDATA[Yes]]>
              </value>
            </param>
            <param index="57">
              <value>
                <![CDATA[Tax,Commission]]>
              </value>
            </param>
            <param index="58">
              <value>
                <![CDATA[2]]>
              </value>
            </param>
            <param index="59">
              <value>
                <![CDATA[YR,YQ]]>
              </value>
            </param>
            <param index="60">
              <value>
                <![CDATA[10,20]]>
              </value>
            </param>
            <param index="61">
              <value>
                <![CDATA[No]]>
              </value>
            </param>
            <param index="62">
              <value>
                <![CDATA[1]]>
              </value>
            </param>
            <param index="63">
              <value>
                <![CDATA[Baggage Charges,Markup,Meal Charges]]>
              </value>
            </param>
            <param index="64">
              <value>
                <![CDATA[10,20,30]]>
              </value>
            </param>
            <param index="65">
              <value>
                <![CDATA[30]]>
              </value>
            </param>
            <param index="66">
              <value>
                <![CDATA[240520252,250520253,8888888118,8888888828,8888888829]]>
              </value>
            </param>
            <param index="67">
              <value>
                <![CDATA[Cash]]>
              </value>
            </param>
          </params>
          <reporter-output>
          </reporter-output>
        </test-method> <!-- corporateProfiling -->
        <test-method is-config="true" signature="afterMethod()[pri:0, instance:ManualBooking.FlightBookingBODC@c88a337]" started-at="2025-05-27T10:59:56 IST" name="afterMethod" finished-at="2025-05-27T10:59:56 IST" duration-ms="17" status="PASS">
          <reporter-output>
          </reporter-output>
        </test-method> <!-- afterMethod -->
        <test-method signature="corporateProfiling(java.lang.String,java.lang.String,java.lang.String,java.lang.String,java.lang.String,java.lang.String,java.lang.String,java.lang.String,java.lang.String,java.lang.String,java.lang.String,java.lang.String,java.lang.String,java.lang.String,java.lang.String,java.lang.String,java.lang.String,java.lang.String,java.lang.String,java.lang.String,java.lang.String,java.lang.String,java.lang.String,java.lang.String,java.lang.String,java.lang.String,java.lang.String,java.lang.String,java.lang.String,java.lang.String,java.lang.String,java.lang.String,java.lang.String,java.lang.String,java.lang.String,java.lang.String,java.lang.String,java.lang.String,java.lang.String,java.lang.String,java.lang.String,java.lang.String,java.lang.String,java.lang.String,java.lang.String,java.lang.String,java.lang.String,java.lang.String,java.lang.String,java.lang.String,java.lang.String,java.lang.String,java.lang.String,java.lang.String,java.lang.String,java.lang.String,java.lang.String,java.lang.String,java.lang.String,java.lang.String,java.lang.String,java.lang.String,java.lang.String,java.lang.String,java.lang.String,java.lang.String,java.lang.String,java.lang.String)[pri:0, instance:ManualBooking.FlightBookingBODC@c88a337]" started-at="2025-05-27T10:59:56 IST" name="corporateProfiling" data-provider="getexceldata" finished-at="2025-05-27T11:05:16 IST" duration-ms="319393" status="PASS">
          <params>
            <param index="0">
              <value>
                <![CDATA[Test MO 4]]>
              </value>
            </param>
            <param index="1">
              <value>
                <![CDATA[Verify manual booking for one way flight with adult with taxes]]>
              </value>
            </param>
            <param index="2">
              <value>
                <![CDATA[mo]]>
              </value>
            </param>
            <param index="3">
              <value>
                <![CDATA[//v12staging/backoffice/]]>
              </value>
            </param>
            <param index="4">
              <value>
                <![CDATA[qlabs12345]]>
              </value>
            </param>
            <param index="5">
              <value>
                <![CDATA[k.gaurav]]>
              </value>
            </param>
            <param index="6">
              <value>
                <![CDATA[E0@DA44FE]]>
              </value>
            </param>
            <param index="7">
              <value>
                <![CDATA[akshay.kumar@quadlabs.com]]>
              </value>
            </param>
            <param index="8">
              <value>
                <![CDATA[1]]>
              </value>
            </param>
            <param index="9">
              <value>
                <![CDATA[0]]>
              </value>
            </param>
            <param index="10">
              <value>
                <![CDATA[0]]>
              </value>
            </param>
            <param index="11">
              <value>
                <![CDATA[Gaurav Shah,Sumit Shah]]>
              </value>
            </param>
            <param index="12">
              <value>
                <![CDATA[Sachin Shah,Sunita Shah]]>
              </value>
            </param>
            <param index="13">
              <value>
                <![CDATA[Sanjay Shah,Satish Shah]]>
              </value>
            </param>
            <param index="14">
              <value>
                <![CDATA[5-Aug-2016,5-Jan-2016]]>
              </value>
            </param>
            <param index="15">
              <value>
                <![CDATA[5-Aug-2024,5-Feb-2023]]>
              </value>
            </param>
            <param index="16">
              <value>
                <![CDATA[DEL]]>
              </value>
            </param>
            <param index="17">
              <value>
                <![CDATA[HYD]]>
              </value>
            </param>
            <param index="18">
              <value>
                <![CDATA[1245014]]>
              </value>
            </param>
            <param index="19">
              <value>
                <![CDATA[EK]]>
              </value>
            </param>
            <param index="20">
              <value>
                <![CDATA[EK-Emirates]]>
              </value>
            </param>
            <param index="21">
              <value>
                <![CDATA[One Way]]>
              </value>
            </param>
            <param index="22">
              <value>
                <![CDATA[EK]]>
              </value>
            </param>
            <param index="23">
              <value>
                <![CDATA[131]]>
              </value>
            </param>
            <param index="24">
              <value>
                <![CDATA[12-Aug-2025]]>
              </value>
            </param>
            <param index="25">
              <value>
                <![CDATA[5]]>
              </value>
            </param>
            <param index="26">
              <value>
                <![CDATA[14-Aug-2025]]>
              </value>
            </param>
            <param index="27">
              <value>
                <![CDATA[13]]>
              </value>
            </param>
            <param index="28">
              <value>
                <![CDATA[C]]>
              </value>
            </param>
            <param index="29">
              <value>
                <![CDATA[HK]]>
              </value>
            </param>
            <param index="30">
              <value>
                <![CDATA[784553]]>
              </value>
            </param>
            <param index="31">
              <value>
                <![CDATA[DEL]]>
              </value>
            </param>
            <param index="32">
              <value>
                <![CDATA[HYD]]>
              </value>
            </param>
            <param index="33">
              <value>
                <![CDATA[6E]]>
              </value>
            </param>
            <param index="34">
              <value>
                <![CDATA[142]]>
              </value>
            </param>
            <param index="35">
              <value>
                <![CDATA[15-Aug-2025]]>
              </value>
            </param>
            <param index="36">
              <value>
                <![CDATA[13]]>
              </value>
            </param>
            <param index="37">
              <value>
                <![CDATA[17-Aug-2025]]>
              </value>
            </param>
            <param index="38">
              <value>
                <![CDATA[15]]>
              </value>
            </param>
            <param index="39">
              <value>
                <![CDATA[L]]>
              </value>
            </param>
            <param index="40">
              <value>
                <![CDATA[HK]]>
              </value>
            </param>
            <param index="41">
              <value>
                <![CDATA[784524]]>
              </value>
            </param>
            <param index="42">
              <value>
                <![CDATA[BSP Supplier]]>
              </value>
            </param>
            <param index="43">
              <value>
                <![CDATA[111]]>
              </value>
            </param>
            <param index="44">
              <value>
                <![CDATA[Yes]]>
              </value>
            </param>
            <param index="45">
              <value>
                <![CDATA[Tax,Commission]]>
              </value>
            </param>
            <param index="46">
              <value>
                <![CDATA[1]]>
              </value>
            </param>
            <param index="47">
              <value>
                <![CDATA[YR,YQ]]>
              </value>
            </param>
            <param index="48">
              <value>
                <![CDATA[10,20]]>
              </value>
            </param>
            <param index="49">
              <value>
                <![CDATA[33]]>
              </value>
            </param>
            <param index="50">
              <value>
                <![CDATA[No]]>
              </value>
            </param>
            <param index="51">
              <value>
                <![CDATA[Tax,Commission]]>
              </value>
            </param>
            <param index="52">
              <value>
                <![CDATA[1]]>
              </value>
            </param>
            <param index="53">
              <value>
                <![CDATA[YR,YQ]]>
              </value>
            </param>
            <param index="54">
              <value>
                <![CDATA[10,20]]>
              </value>
            </param>
            <param index="55">
              <value>
                <![CDATA[43]]>
              </value>
            </param>
            <param index="56">
              <value>
                <![CDATA[Yes]]>
              </value>
            </param>
            <param index="57">
              <value>
                <![CDATA[Tax,Commission]]>
              </value>
            </param>
            <param index="58">
              <value>
                <![CDATA[2]]>
              </value>
            </param>
            <param index="59">
              <value>
                <![CDATA[YR,YQ]]>
              </value>
            </param>
            <param index="60">
              <value>
                <![CDATA[10,20]]>
              </value>
            </param>
            <param index="61">
              <value>
                <![CDATA[No]]>
              </value>
            </param>
            <param index="62">
              <value>
                <![CDATA[2]]>
              </value>
            </param>
            <param index="63">
              <value>
                <![CDATA[Baggage Charges,Markup,Meal Charges]]>
              </value>
            </param>
            <param index="64">
              <value>
                <![CDATA[10,20,30]]>
              </value>
            </param>
            <param index="65">
              <value>
                <![CDATA[30]]>
              </value>
            </param>
            <param index="66">
              <value>
                <![CDATA[240520254,250520255,8888888118,8888888828,8888888829]]>
              </value>
            </param>
            <param index="67">
              <value>
                <![CDATA[Cash]]>
              </value>
            </param>
          </params>
          <reporter-output>
          </reporter-output>
        </test-method> <!-- corporateProfiling -->
        <test-method is-config="true" signature="afterMethod()[pri:0, instance:ManualBooking.FlightBookingBODC@c88a337]" started-at="2025-05-27T11:05:16 IST" name="afterMethod" finished-at="2025-05-27T11:05:16 IST" duration-ms="17" status="PASS">
          <reporter-output>
          </reporter-output>
        </test-method> <!-- afterMethod -->
        <test-method signature="corporateProfiling(java.lang.String,java.lang.String,java.lang.String,java.lang.String,java.lang.String,java.lang.String,java.lang.String,java.lang.String,java.lang.String,java.lang.String,java.lang.String,java.lang.String,java.lang.String,java.lang.String,java.lang.String,java.lang.String,java.lang.String,java.lang.String,java.lang.String,java.lang.String,java.lang.String,java.lang.String,java.lang.String,java.lang.String,java.lang.String,java.lang.String,java.lang.String,java.lang.String,java.lang.String,java.lang.String,java.lang.String,java.lang.String,java.lang.String,java.lang.String,java.lang.String,java.lang.String,java.lang.String,java.lang.String,java.lang.String,java.lang.String,java.lang.String,java.lang.String,java.lang.String,java.lang.String,java.lang.String,java.lang.String,java.lang.String,java.lang.String,java.lang.String,java.lang.String,java.lang.String,java.lang.String,java.lang.String,java.lang.String,java.lang.String,java.lang.String,java.lang.String,java.lang.String,java.lang.String,java.lang.String,java.lang.String,java.lang.String,java.lang.String,java.lang.String,java.lang.String,java.lang.String,java.lang.String,java.lang.String)[pri:0, instance:ManualBooking.FlightBookingBODC@c88a337]" started-at="2025-05-27T11:05:16 IST" name="corporateProfiling" data-provider="getexceldata" finished-at="2025-05-27T11:09:50 IST" duration-ms="274103" status="PASS">
          <params>
            <param index="0">
              <value>
                <![CDATA[Test MO 5]]>
              </value>
            </param>
            <param index="1">
              <value>
                <![CDATA[Verify manual booking for one way flight with miscellaneous charges]]>
              </value>
            </param>
            <param index="2">
              <value>
                <![CDATA[mo]]>
              </value>
            </param>
            <param index="3">
              <value>
                <![CDATA[//v12staging/backoffice/]]>
              </value>
            </param>
            <param index="4">
              <value>
                <![CDATA[qlabs12345]]>
              </value>
            </param>
            <param index="5">
              <value>
                <![CDATA[k.gaurav]]>
              </value>
            </param>
            <param index="6">
              <value>
                <![CDATA[E0@DA44FE]]>
              </value>
            </param>
            <param index="7">
              <value>
                <![CDATA[akshay.kumar@quadlabs.com]]>
              </value>
            </param>
            <param index="8">
              <value>
                <![CDATA[1]]>
              </value>
            </param>
            <param index="9">
              <value>
                <![CDATA[0]]>
              </value>
            </param>
            <param index="10">
              <value>
                <![CDATA[0]]>
              </value>
            </param>
            <param index="11">
              <value>
                <![CDATA[Gaurav Shah,Sumit Shah]]>
              </value>
            </param>
            <param index="12">
              <value>
                <![CDATA[Sachin Shah,Sunita Shah]]>
              </value>
            </param>
            <param index="13">
              <value>
                <![CDATA[Sanjay Shah,Satish Shah]]>
              </value>
            </param>
            <param index="14">
              <value>
                <![CDATA[5-Aug-2016,5-Jan-2016]]>
              </value>
            </param>
            <param index="15">
              <value>
                <![CDATA[5-Aug-2023,5-Feb-2023]]>
              </value>
            </param>
            <param index="16">
              <value>
                <![CDATA[DEL]]>
              </value>
            </param>
            <param index="17">
              <value>
                <![CDATA[MAA]]>
              </value>
            </param>
            <param index="18">
              <value>
                <![CDATA[1245015]]>
              </value>
            </param>
            <param index="19">
              <value>
                <![CDATA[EK]]>
              </value>
            </param>
            <param index="20">
              <value>
                <![CDATA[EK-Emirates]]>
              </value>
            </param>
            <param index="21">
              <value>
                <![CDATA[One Way]]>
              </value>
            </param>
            <param index="22">
              <value>
                <![CDATA[EK]]>
              </value>
            </param>
            <param index="23">
              <value>
                <![CDATA[133]]>
              </value>
            </param>
            <param index="24">
              <value>
                <![CDATA[8-Aug-2025]]>
              </value>
            </param>
            <param index="25">
              <value>
                <![CDATA[7]]>
              </value>
            </param>
            <param index="26">
              <value>
                <![CDATA[10-Aug-2025]]>
              </value>
            </param>
            <param index="27">
              <value>
                <![CDATA[15]]>
              </value>
            </param>
            <param index="28">
              <value>
                <![CDATA[M]]>
              </value>
            </param>
            <param index="29">
              <value>
                <![CDATA[HK]]>
              </value>
            </param>
            <param index="30">
              <value>
                <![CDATA[784555]]>
              </value>
            </param>
            <param index="31">
              <value>
                <![CDATA[DEL]]>
              </value>
            </param>
            <param index="32">
              <value>
                <![CDATA[MAA]]>
              </value>
            </param>
            <param index="33">
              <value>
                <![CDATA[6E]]>
              </value>
            </param>
            <param index="34">
              <value>
                <![CDATA[144]]>
              </value>
            </param>
            <param index="35">
              <value>
                <![CDATA[15-Aug-2025]]>
              </value>
            </param>
            <param index="36">
              <value>
                <![CDATA[15]]>
              </value>
            </param>
            <param index="37">
              <value>
                <![CDATA[17-Aug-2025]]>
              </value>
            </param>
            <param index="38">
              <value>
                <![CDATA[17]]>
              </value>
            </param>
            <param index="39">
              <value>
                <![CDATA[P]]>
              </value>
            </param>
            <param index="40">
              <value>
                <![CDATA[HK]]>
              </value>
            </param>
            <param index="41">
              <value>
                <![CDATA[784526]]>
              </value>
            </param>
            <param index="42">
              <value>
                <![CDATA[BSP Supplier]]>
              </value>
            </param>
            <param index="43">
              <value>
                <![CDATA[113]]>
              </value>
            </param>
            <param index="44">
              <value>
                <![CDATA[No]]>
              </value>
            </param>
            <param index="45">
              <value>
                <![CDATA[Tax,Commission]]>
              </value>
            </param>
            <param index="46">
              <value>
                <![CDATA[1]]>
              </value>
            </param>
            <param index="47">
              <value>
                <![CDATA[YR,YQ]]>
              </value>
            </param>
            <param index="48">
              <value>
                <![CDATA[10,20]]>
              </value>
            </param>
            <param index="49">
              <value>
                <![CDATA[34]]>
              </value>
            </param>
            <param index="50">
              <value>
                <![CDATA[Yes]]>
              </value>
            </param>
            <param index="51">
              <value>
                <![CDATA[Tax,Commission]]>
              </value>
            </param>
            <param index="52">
              <value>
                <![CDATA[1]]>
              </value>
            </param>
            <param index="53">
              <value>
                <![CDATA[YR,YQ]]>
              </value>
            </param>
            <param index="54">
              <value>
                <![CDATA[10,20]]>
              </value>
            </param>
            <param index="55">
              <value>
                <![CDATA[44]]>
              </value>
            </param>
            <param index="56">
              <value>
                <![CDATA[Yes]]>
              </value>
            </param>
            <param index="57">
              <value>
                <![CDATA[Tax,Commission]]>
              </value>
            </param>
            <param index="58">
              <value>
                <![CDATA[2]]>
              </value>
            </param>
            <param index="59">
              <value>
                <![CDATA[YR,YQ]]>
              </value>
            </param>
            <param index="60">
              <value>
                <![CDATA[10,20]]>
              </value>
            </param>
            <param index="61">
              <value>
                <![CDATA[Yes]]>
              </value>
            </param>
            <param index="62">
              <value>
                <![CDATA[2]]>
              </value>
            </param>
            <param index="63">
              <value>
                <![CDATA[Baggage Charges,Markup,Meal Charges]]>
              </value>
            </param>
            <param index="64">
              <value>
                <![CDATA[10,20,30]]>
              </value>
            </param>
            <param index="65">
              <value>
                <![CDATA[30]]>
              </value>
            </param>
            <param index="66">
              <value>
                <![CDATA[240520256,8888008117,8888888118,8888888828,8888888829]]>
              </value>
            </param>
            <param index="67">
              <value>
                <![CDATA[Cash]]>
              </value>
            </param>
          </params>
          <reporter-output>
          </reporter-output>
        </test-method> <!-- corporateProfiling -->
        <test-method is-config="true" signature="afterMethod()[pri:0, instance:ManualBooking.FlightBookingBODC@c88a337]" started-at="2025-05-27T11:09:50 IST" name="afterMethod" finished-at="2025-05-27T11:09:50 IST" duration-ms="20" status="PASS">
          <reporter-output>
          </reporter-output>
        </test-method> <!-- afterMethod -->
        <test-method signature="corporateProfiling(java.lang.String,java.lang.String,java.lang.String,java.lang.String,java.lang.String,java.lang.String,java.lang.String,java.lang.String,java.lang.String,java.lang.String,java.lang.String,java.lang.String,java.lang.String,java.lang.String,java.lang.String,java.lang.String,java.lang.String,java.lang.String,java.lang.String,java.lang.String,java.lang.String,java.lang.String,java.lang.String,java.lang.String,java.lang.String,java.lang.String,java.lang.String,java.lang.String,java.lang.String,java.lang.String,java.lang.String,java.lang.String,java.lang.String,java.lang.String,java.lang.String,java.lang.String,java.lang.String,java.lang.String,java.lang.String,java.lang.String,java.lang.String,java.lang.String,java.lang.String,java.lang.String,java.lang.String,java.lang.String,java.lang.String,java.lang.String,java.lang.String,java.lang.String,java.lang.String,java.lang.String,java.lang.String,java.lang.String,java.lang.String,java.lang.String,java.lang.String,java.lang.String,java.lang.String,java.lang.String,java.lang.String,java.lang.String,java.lang.String,java.lang.String,java.lang.String,java.lang.String,java.lang.String,java.lang.String)[pri:0, instance:ManualBooking.FlightBookingBODC@c88a337]" started-at="2025-05-27T11:09:50 IST" name="corporateProfiling" data-provider="getexceldata" finished-at="2025-05-27T11:14:25 IST" duration-ms="274858" status="PASS">
          <params>
            <param index="0">
              <value>
                <![CDATA[Test MO 6]]>
              </value>
            </param>
            <param index="1">
              <value>
                <![CDATA[Verify manual booking for one way flight internation search with VAT]]>
              </value>
            </param>
            <param index="2">
              <value>
                <![CDATA[mo]]>
              </value>
            </param>
            <param index="3">
              <value>
                <![CDATA[//v12staging/backoffice/]]>
              </value>
            </param>
            <param index="4">
              <value>
                <![CDATA[qlabs12345]]>
              </value>
            </param>
            <param index="5">
              <value>
                <![CDATA[k.gaurav]]>
              </value>
            </param>
            <param index="6">
              <value>
                <![CDATA[E0@DA44FE]]>
              </value>
            </param>
            <param index="7">
              <value>
                <![CDATA[akshay.kumar@quadlabs.com]]>
              </value>
            </param>
            <param index="8">
              <value>
                <![CDATA[1]]>
              </value>
            </param>
            <param index="9">
              <value>
                <![CDATA[0]]>
              </value>
            </param>
            <param index="10">
              <value>
                <![CDATA[0]]>
              </value>
            </param>
            <param index="11">
              <value>
                <![CDATA[Saurav Shah,Munit Shah]]>
              </value>
            </param>
            <param index="12">
              <value>
                <![CDATA[Rachin Shah,Sunita Shah]]>
              </value>
            </param>
            <param index="13">
              <value>
                <![CDATA[Sanjay Shah,Satish Shah]]>
              </value>
            </param>
            <param index="14">
              <value>
                <![CDATA[5-Aug-2016,5-Jan-2016]]>
              </value>
            </param>
            <param index="15">
              <value>
                <![CDATA[5-Aug-2023,5-Feb-2023]]>
              </value>
            </param>
            <param index="16">
              <value>
                <![CDATA[BOM]]>
              </value>
            </param>
            <param index="17">
              <value>
                <![CDATA[CCU]]>
              </value>
            </param>
            <param index="18">
              <value>
                <![CDATA[1245016]]>
              </value>
            </param>
            <param index="19">
              <value>
                <![CDATA[EK]]>
              </value>
            </param>
            <param index="20">
              <value>
                <![CDATA[EK-Emirates]]>
              </value>
            </param>
            <param index="21">
              <value>
                <![CDATA[One Way]]>
              </value>
            </param>
            <param index="22">
              <value>
                <![CDATA[EK]]>
              </value>
            </param>
            <param index="23">
              <value>
                <![CDATA[135]]>
              </value>
            </param>
            <param index="24">
              <value>
                <![CDATA[10-Aug-2025]]>
              </value>
            </param>
            <param index="25">
              <value>
                <![CDATA[9]]>
              </value>
            </param>
            <param index="26">
              <value>
                <![CDATA[12-Aug-2025]]>
              </value>
            </param>
            <param index="27">
              <value>
                <![CDATA[17]]>
              </value>
            </param>
            <param index="28">
              <value>
                <![CDATA[T]]>
              </value>
            </param>
            <param index="29">
              <value>
                <![CDATA[HK]]>
              </value>
            </param>
            <param index="30">
              <value>
                <![CDATA[784557]]>
              </value>
            </param>
            <param index="31">
              <value>
                <![CDATA[BOM]]>
              </value>
            </param>
            <param index="32">
              <value>
                <![CDATA[DEL]]>
              </value>
            </param>
            <param index="33">
              <value>
                <![CDATA[6E]]>
              </value>
            </param>
            <param index="34">
              <value>
                <![CDATA[146]]>
              </value>
            </param>
            <param index="35">
              <value>
                <![CDATA[15-Aug-2025]]>
              </value>
            </param>
            <param index="36">
              <value>
                <![CDATA[17]]>
              </value>
            </param>
            <param index="37">
              <value>
                <![CDATA[17-Aug-2025]]>
              </value>
            </param>
            <param index="38">
              <value>
                <![CDATA[19]]>
              </value>
            </param>
            <param index="39">
              <value>
                <![CDATA[S]]>
              </value>
            </param>
            <param index="40">
              <value>
                <![CDATA[HK]]>
              </value>
            </param>
            <param index="41">
              <value>
                <![CDATA[784528]]>
              </value>
            </param>
            <param index="42">
              <value>
                <![CDATA[BSP Supplier]]>
              </value>
            </param>
            <param index="43">
              <value>
                <![CDATA[115]]>
              </value>
            </param>
            <param index="44">
              <value>
                <![CDATA[No]]>
              </value>
            </param>
            <param index="45">
              <value>
                <![CDATA[Tax,Commission]]>
              </value>
            </param>
            <param index="46">
              <value>
                <![CDATA[1]]>
              </value>
            </param>
            <param index="47">
              <value>
                <![CDATA[YR,YQ]]>
              </value>
            </param>
            <param index="48">
              <value>
                <![CDATA[10,20]]>
              </value>
            </param>
            <param index="49">
              <value>
                <![CDATA[35]]>
              </value>
            </param>
            <param index="50">
              <value>
                <![CDATA[No]]>
              </value>
            </param>
            <param index="51">
              <value>
                <![CDATA[Tax,Commission]]>
              </value>
            </param>
            <param index="52">
              <value>
                <![CDATA[1]]>
              </value>
            </param>
            <param index="53">
              <value>
                <![CDATA[YR,YQ]]>
              </value>
            </param>
            <param index="54">
              <value>
                <![CDATA[10,20]]>
              </value>
            </param>
            <param index="55">
              <value>
                <![CDATA[45]]>
              </value>
            </param>
            <param index="56">
              <value>
                <![CDATA[Yes]]>
              </value>
            </param>
            <param index="57">
              <value>
                <![CDATA[Tax,Commission]]>
              </value>
            </param>
            <param index="58">
              <value>
                <![CDATA[2]]>
              </value>
            </param>
            <param index="59">
              <value>
                <![CDATA[YR,YQ]]>
              </value>
            </param>
            <param index="60">
              <value>
                <![CDATA[10,20]]>
              </value>
            </param>
            <param index="61">
              <value>
                <![CDATA[Yes]]>
              </value>
            </param>
            <param index="62">
              <value>
                <![CDATA[3]]>
              </value>
            </param>
            <param index="63">
              <value>
                <![CDATA[Baggage Charges,Markup,Meal Charges]]>
              </value>
            </param>
            <param index="64">
              <value>
                <![CDATA[10,20,30]]>
              </value>
            </param>
            <param index="65">
              <value>
                <![CDATA[30]]>
              </value>
            </param>
            <param index="66">
              <value>
                <![CDATA[240520257,8888008117,8888888118,8888888828,8888888829]]>
              </value>
            </param>
            <param index="67">
              <value>
                <![CDATA[Cash]]>
              </value>
            </param>
          </params>
          <reporter-output>
          </reporter-output>
        </test-method> <!-- corporateProfiling -->
        <test-method is-config="true" signature="afterMethod()[pri:0, instance:ManualBooking.FlightBookingBODC@c88a337]" started-at="2025-05-27T11:14:25 IST" name="afterMethod" finished-at="2025-05-27T11:14:25 IST" duration-ms="20" status="PASS">
          <reporter-output>
          </reporter-output>
        </test-method> <!-- afterMethod -->
        <test-method signature="corporateProfiling(java.lang.String,java.lang.String,java.lang.String,java.lang.String,java.lang.String,java.lang.String,java.lang.String,java.lang.String,java.lang.String,java.lang.String,java.lang.String,java.lang.String,java.lang.String,java.lang.String,java.lang.String,java.lang.String,java.lang.String,java.lang.String,java.lang.String,java.lang.String,java.lang.String,java.lang.String,java.lang.String,java.lang.String,java.lang.String,java.lang.String,java.lang.String,java.lang.String,java.lang.String,java.lang.String,java.lang.String,java.lang.String,java.lang.String,java.lang.String,java.lang.String,java.lang.String,java.lang.String,java.lang.String,java.lang.String,java.lang.String,java.lang.String,java.lang.String,java.lang.String,java.lang.String,java.lang.String,java.lang.String,java.lang.String,java.lang.String,java.lang.String,java.lang.String,java.lang.String,java.lang.String,java.lang.String,java.lang.String,java.lang.String,java.lang.String,java.lang.String,java.lang.String,java.lang.String,java.lang.String,java.lang.String,java.lang.String,java.lang.String,java.lang.String,java.lang.String,java.lang.String,java.lang.String,java.lang.String)[pri:0, instance:ManualBooking.FlightBookingBODC@c88a337]" started-at="2025-05-27T11:14:25 IST" name="corporateProfiling" data-provider="getexceldata" finished-at="2025-05-27T11:17:01 IST" duration-ms="156190" status="FAIL">
          <params>
            <param index="0">
              <value>
                <![CDATA[Test MO 7]]>
              </value>
            </param>
            <param index="1">
              <value>
                <![CDATA[Verify manual booking for one way flight with multi passenger]]>
              </value>
            </param>
            <param index="2">
              <value>
                <![CDATA[mo]]>
              </value>
            </param>
            <param index="3">
              <value>
                <![CDATA[//v12staging/backoffice/]]>
              </value>
            </param>
            <param index="4">
              <value>
                <![CDATA[qlabs12345]]>
              </value>
            </param>
            <param index="5">
              <value>
                <![CDATA[k.gaurav]]>
              </value>
            </param>
            <param index="6">
              <value>
                <![CDATA[E0@DA44FE]]>
              </value>
            </param>
            <param index="7">
              <value>
                <![CDATA[akshay.kumar@quadlabs.com]]>
              </value>
            </param>
            <param index="8">
              <value>
                <![CDATA[1]]>
              </value>
            </param>
            <param index="9">
              <value>
                <![CDATA[1]]>
              </value>
            </param>
            <param index="10">
              <value>
                <![CDATA[1]]>
              </value>
            </param>
            <param index="11">
              <value>
                <![CDATA[Aaurav Shah,Sumit Shah]]>
              </value>
            </param>
            <param index="12">
              <value>
                <![CDATA[Sunil Shah,Sunita Shah]]>
              </value>
            </param>
            <param index="13">
              <value>
                <![CDATA[Sanjay Shah,Satish Shah]]>
              </value>
            </param>
            <param index="14">
              <value>
                <![CDATA[5-Aug-2016,5-Jan-2016]]>
              </value>
            </param>
            <param index="15">
              <value>
                <![CDATA[5-Aug-2024,5-Feb-2023]]>
              </value>
            </param>
            <param index="16">
              <value>
                <![CDATA[BOM]]>
              </value>
            </param>
            <param index="17">
              <value>
                <![CDATA[HYD]]>
              </value>
            </param>
            <param index="18">
              <value>
                <![CDATA[1245017]]>
              </value>
            </param>
            <param index="19">
              <value>
                <![CDATA[EK]]>
              </value>
            </param>
            <param index="20">
              <value>
                <![CDATA[EK-Emirates]]>
              </value>
            </param>
            <param index="21">
              <value>
                <![CDATA[One Way]]>
              </value>
            </param>
            <param index="22">
              <value>
                <![CDATA[EK]]>
              </value>
            </param>
            <param index="23">
              <value>
                <![CDATA[136]]>
              </value>
            </param>
            <param index="24">
              <value>
                <![CDATA[11-Aug-2025]]>
              </value>
            </param>
            <param index="25">
              <value>
                <![CDATA[10]]>
              </value>
            </param>
            <param index="26">
              <value>
                <![CDATA[13-Aug-2025]]>
              </value>
            </param>
            <param index="27">
              <value>
                <![CDATA[18]]>
              </value>
            </param>
            <param index="28">
              <value>
                <![CDATA[S]]>
              </value>
            </param>
            <param index="29">
              <value>
                <![CDATA[HK]]>
              </value>
            </param>
            <param index="30">
              <value>
                <![CDATA[784558]]>
              </value>
            </param>
            <param index="31">
              <value>
                <![CDATA[BOM]]>
              </value>
            </param>
            <param index="32">
              <value>
                <![CDATA[HYD]]>
              </value>
            </param>
            <param index="33">
              <value>
                <![CDATA[6E]]>
              </value>
            </param>
            <param index="34">
              <value>
                <![CDATA[147]]>
              </value>
            </param>
            <param index="35">
              <value>
                <![CDATA[15-Aug-2025]]>
              </value>
            </param>
            <param index="36">
              <value>
                <![CDATA[18]]>
              </value>
            </param>
            <param index="37">
              <value>
                <![CDATA[17-Aug-2025]]>
              </value>
            </param>
            <param index="38">
              <value>
                <![CDATA[20]]>
              </value>
            </param>
            <param index="39">
              <value>
                <![CDATA[T]]>
              </value>
            </param>
            <param index="40">
              <value>
                <![CDATA[HK]]>
              </value>
            </param>
            <param index="41">
              <value>
                <![CDATA[784529]]>
              </value>
            </param>
            <param index="42">
              <value>
                <![CDATA[BSP Supplier]]>
              </value>
            </param>
            <param index="43">
              <value>
                <![CDATA[116]]>
              </value>
            </param>
            <param index="44">
              <value>
                <![CDATA[No]]>
              </value>
            </param>
            <param index="45">
              <value>
                <![CDATA[Tax,Commission]]>
              </value>
            </param>
            <param index="46">
              <value>
                <![CDATA[2]]>
              </value>
            </param>
            <param index="47">
              <value>
                <![CDATA[YR,YQ]]>
              </value>
            </param>
            <param index="48">
              <value>
                <![CDATA[10,20]]>
              </value>
            </param>
            <param index="49">
              <value>
                <![CDATA[36]]>
              </value>
            </param>
            <param index="50">
              <value>
                <![CDATA[No]]>
              </value>
            </param>
            <param index="51">
              <value>
                <![CDATA[Tax,Commission]]>
              </value>
            </param>
            <param index="52">
              <value>
                <![CDATA[2]]>
              </value>
            </param>
            <param index="53">
              <value>
                <![CDATA[YR,YQ]]>
              </value>
            </param>
            <param index="54">
              <value>
                <![CDATA[10,20]]>
              </value>
            </param>
            <param index="55">
              <value>
                <![CDATA[46]]>
              </value>
            </param>
            <param index="56">
              <value>
                <![CDATA[Yes]]>
              </value>
            </param>
            <param index="57">
              <value>
                <![CDATA[Tax,Commission]]>
              </value>
            </param>
            <param index="58">
              <value>
                <![CDATA[2]]>
              </value>
            </param>
            <param index="59">
              <value>
                <![CDATA[YR,YQ]]>
              </value>
            </param>
            <param index="60">
              <value>
                <![CDATA[10,20]]>
              </value>
            </param>
            <param index="61">
              <value>
                <![CDATA[No]]>
              </value>
            </param>
            <param index="62">
              <value>
                <![CDATA[2]]>
              </value>
            </param>
            <param index="63">
              <value>
                <![CDATA[Baggage Charges,Markup,Meal Charges]]>
              </value>
            </param>
            <param index="64">
              <value>
                <![CDATA[10,20,30]]>
              </value>
            </param>
            <param index="65">
              <value>
                <![CDATA[30]]>
              </value>
            </param>
            <param index="66">
              <value>
                <![CDATA[24520257,2488008117,2488888118,8888888828,8888888829]]>
              </value>
            </param>
            <param index="67">
              <value>
                <![CDATA[Cash]]>
              </value>
            </param>
          </params>
          <exception class="org.openqa.selenium.NoSuchSessionException">
            <message>
              <![CDATA[invalid session id: session deleted as the browser has closed the connection
from disconnected: not connected to DevTools
  (Session info: chrome=137.0.7151.41)
Build info: version: '4.1.4', revision: '535d840ee2'
System info: host: 'KUMAR-GAURAV', ip: '192.168.111.125', os.name: 'Windows 10', os.arch: 'amd64', os.version: '10.0', java.version: '17.0.1'
Driver info: org.openqa.selenium.chrome.ChromeDriver
Command: [bfc9bce6cceb555f44b0362334ddb619, findElement {using=xpath, value=//select[@id='ddl_passengerType']}]
Capabilities {acceptInsecureCerts: false, browserName: chrome, browserVersion: 137.0.7151.41, chrome: {chromedriverVersion: 136.0.7103.113 (76fa3c17824..., userDataDir: C:\Users\KUMAR~1.GAU\AppDat...}, fedcm:accounts: true, goog:chromeOptions: {debuggerAddress: localhost:56151}, javascriptEnabled: true, networkConnectionEnabled: false, pageLoadStrategy: normal, platform: WINDOWS, platformName: WINDOWS, proxy: Proxy(), se:cdp: ws://localhost:56151/devtoo..., se:cdpVersion: 137.0.7151.41, setWindowRect: true, strictFileInteractability: false, timeouts: {implicit: 0, pageLoad: 300000, script: 30000}, unhandledPromptBehavior: dismiss and notify, webauthn:extension:credBlob: true, webauthn:extension:largeBlob: true, webauthn:extension:minPinLength: true, webauthn:extension:prf: true, webauthn:virtualAuthenticators: true}
Session ID: bfc9bce6cceb555f44b0362334ddb619]]>
            </message>
            <full-stacktrace>
              <![CDATA[org.openqa.selenium.NoSuchSessionException: invalid session id: session deleted as the browser has closed the connection
from disconnected: not connected to DevTools
  (Session info: chrome=137.0.7151.41)
Build info: version: '4.1.4', revision: '535d840ee2'
System info: host: 'KUMAR-GAURAV', ip: '192.168.111.125', os.name: 'Windows 10', os.arch: 'amd64', os.version: '10.0', java.version: '17.0.1'
Driver info: org.openqa.selenium.chrome.ChromeDriver
Command: [bfc9bce6cceb555f44b0362334ddb619, findElement {using=xpath, value=//select[@id='ddl_passengerType']}]
Capabilities {acceptInsecureCerts: false, browserName: chrome, browserVersion: 137.0.7151.41, chrome: {chromedriverVersion: 136.0.7103.113 (76fa3c17824..., userDataDir: C:\Users\KUMAR~1.GAU\AppDat...}, fedcm:accounts: true, goog:chromeOptions: {debuggerAddress: localhost:56151}, javascriptEnabled: true, networkConnectionEnabled: false, pageLoadStrategy: normal, platform: WINDOWS, platformName: WINDOWS, proxy: Proxy(), se:cdp: ws://localhost:56151/devtoo..., se:cdpVersion: 137.0.7151.41, setWindowRect: true, strictFileInteractability: false, timeouts: {implicit: 0, pageLoad: 300000, script: 30000}, unhandledPromptBehavior: dismiss and notify, webauthn:extension:credBlob: true, webauthn:extension:largeBlob: true, webauthn:extension:minPinLength: true, webauthn:extension:prf: true, webauthn:virtualAuthenticators: true}
Session ID: bfc9bce6cceb555f44b0362334ddb619
at java.base/jdk.internal.reflect.NativeConstructorAccessorImpl.newInstance0(Native Method)
at java.base/jdk.internal.reflect.NativeConstructorAccessorImpl.newInstance(NativeConstructorAccessorImpl.java:77)
at java.base/jdk.internal.reflect.DelegatingConstructorAccessorImpl.newInstance(DelegatingConstructorAccessorImpl.java:45)
at java.base/java.lang.reflect.Constructor.newInstanceWithCaller(Constructor.java:499)
at java.base/java.lang.reflect.Constructor.newInstance(Constructor.java:480)
at org.openqa.selenium.remote.codec.w3c.W3CHttpResponseCodec.createException(W3CHttpResponseCodec.java:200)
at org.openqa.selenium.remote.codec.w3c.W3CHttpResponseCodec.decode(W3CHttpResponseCodec.java:133)
at org.openqa.selenium.remote.codec.w3c.W3CHttpResponseCodec.decode(W3CHttpResponseCodec.java:53)
at org.openqa.selenium.remote.HttpCommandExecutor.execute(HttpCommandExecutor.java:184)
at org.openqa.selenium.remote.service.DriverCommandExecutor.invokeExecute(DriverCommandExecutor.java:167)
at org.openqa.selenium.remote.service.DriverCommandExecutor.execute(DriverCommandExecutor.java:142)
at org.openqa.selenium.remote.RemoteWebDriver.execute(RemoteWebDriver.java:567)
at org.openqa.selenium.remote.ElementLocation$ElementFinder$2.findElement(ElementLocation.java:162)
at org.openqa.selenium.remote.ElementLocation.findElement(ElementLocation.java:60)
at org.openqa.selenium.remote.RemoteWebDriver.findElement(RemoteWebDriver.java:385)
at org.openqa.selenium.remote.RemoteWebDriver.findElement(RemoteWebDriver.java:377)
at utilities.QaRobot.getLocator(QaRobot.java:57)
at utilities.QaRobot.getWebElement(QaRobot.java:92)
at utilities.QaRobot.selectTextFromDropdown(QaRobot.java:449)
at ManualBooking.FlightBookingBODC.AddInfant(FlightBookingBODC.java:418)
at ManualBooking.FlightBookingBODC.corporateProfiling(FlightBookingBODC.java:96)
at java.base/jdk.internal.reflect.NativeMethodAccessorImpl.invoke0(Native Method)
at java.base/jdk.internal.reflect.NativeMethodAccessorImpl.invoke(NativeMethodAccessorImpl.java:77)
at java.base/jdk.internal.reflect.DelegatingMethodAccessorImpl.invoke(DelegatingMethodAccessorImpl.java:43)
at java.base/java.lang.reflect.Method.invoke(Method.java:568)
at org.testng.internal.MethodInvocationHelper.invokeMethod(MethodInvocationHelper.java:133)
at org.testng.internal.TestInvoker.invokeMethod(TestInvoker.java:598)
at org.testng.internal.TestInvoker.invokeTestMethod(TestInvoker.java:173)
at org.testng.internal.MethodRunner.runInSequence(MethodRunner.java:46)
at org.testng.internal.TestInvoker$MethodInvocationAgent.invoke(TestInvoker.java:824)
at org.testng.internal.TestInvoker.invokeTestMethods(TestInvoker.java:146)
at org.testng.internal.TestMethodWorker.invokeTestMethods(TestMethodWorker.java:146)
at org.testng.internal.TestMethodWorker.run(TestMethodWorker.java:128)
at java.base/java.util.ArrayList.forEach(ArrayList.java:1511)
at org.testng.TestRunner.privateRun(TestRunner.java:794)
at org.testng.TestRunner.run(TestRunner.java:596)
at org.testng.SuiteRunner.runTest(SuiteRunner.java:377)
at org.testng.SuiteRunner.runSequentially(SuiteRunner.java:371)
at org.testng.SuiteRunner.privateRun(SuiteRunner.java:332)
at org.testng.SuiteRunner.run(SuiteRunner.java:276)
at org.testng.SuiteRunnerWorker.runSuite(SuiteRunnerWorker.java:53)
at org.testng.SuiteRunnerWorker.run(SuiteRunnerWorker.java:96)
at org.testng.TestNG.runSuitesSequentially(TestNG.java:1212)
at org.testng.TestNG.runSuitesLocally(TestNG.java:1134)
at org.testng.TestNG.runSuites(TestNG.java:1063)
at org.testng.TestNG.run(TestNG.java:1031)
at org.testng.remote.AbstractRemoteTestNG.run(AbstractRemoteTestNG.java:115)
at org.testng.remote.RemoteTestNG.initAndRun(RemoteTestNG.java:251)
at org.testng.remote.RemoteTestNG.main(RemoteTestNG.java:77)
]]>
            </full-stacktrace>
          </exception> <!-- org.openqa.selenium.NoSuchSessionException -->
          <reporter-output>
          </reporter-output>
        </test-method> <!-- corporateProfiling -->
        <test-method is-config="true" signature="afterMethod()[pri:0, instance:ManualBooking.FlightBookingBODC@c88a337]" started-at="2025-05-27T11:17:03 IST" name="afterMethod" finished-at="2025-05-27T11:17:04 IST" duration-ms="481" status="PASS">
          <reporter-output>
          </reporter-output>
        </test-method> <!-- afterMethod -->
        <test-method signature="corporateProfiling(java.lang.String,java.lang.String,java.lang.String,java.lang.String,java.lang.String,java.lang.String,java.lang.String,java.lang.String,java.lang.String,java.lang.String,java.lang.String,java.lang.String,java.lang.String,java.lang.String,java.lang.String,java.lang.String,java.lang.String,java.lang.String,java.lang.String,java.lang.String,java.lang.String,java.lang.String,java.lang.String,java.lang.String,java.lang.String,java.lang.String,java.lang.String,java.lang.String,java.lang.String,java.lang.String,java.lang.String,java.lang.String,java.lang.String,java.lang.String,java.lang.String,java.lang.String,java.lang.String,java.lang.String,java.lang.String,java.lang.String,java.lang.String,java.lang.String,java.lang.String,java.lang.String,java.lang.String,java.lang.String,java.lang.String,java.lang.String,java.lang.String,java.lang.String,java.lang.String,java.lang.String,java.lang.String,java.lang.String,java.lang.String,java.lang.String,java.lang.String,java.lang.String,java.lang.String,java.lang.String,java.lang.String,java.lang.String,java.lang.String,java.lang.String,java.lang.String,java.lang.String,java.lang.String,java.lang.String)[pri:0, instance:ManualBooking.FlightBookingBODC@c88a337]" started-at="2025-05-27T11:17:04 IST" name="corporateProfiling" data-provider="getexceldata" finished-at="2025-05-27T11:22:42 IST" duration-ms="338372" status="PASS">
          <params>
            <param index="0">
              <value>
                <![CDATA[Test MO 8]]>
              </value>
            </param>
            <param index="1">
              <value>
                <![CDATA[Verify manual booking for one way flight with 1 adult, 1 child with misc charges]]>
              </value>
            </param>
            <param index="2">
              <value>
                <![CDATA[mo]]>
              </value>
            </param>
            <param index="3">
              <value>
                <![CDATA[//v12staging/backoffice/]]>
              </value>
            </param>
            <param index="4">
              <value>
                <![CDATA[qlabs12345]]>
              </value>
            </param>
            <param index="5">
              <value>
                <![CDATA[k.gaurav]]>
              </value>
            </param>
            <param index="6">
              <value>
                <![CDATA[E0@DA44FE]]>
              </value>
            </param>
            <param index="7">
              <value>
                <![CDATA[akshay.kumar@quadlabs.com]]>
              </value>
            </param>
            <param index="8">
              <value>
                <![CDATA[1]]>
              </value>
            </param>
            <param index="9">
              <value>
                <![CDATA[1]]>
              </value>
            </param>
            <param index="10">
              <value>
                <![CDATA[0]]>
              </value>
            </param>
            <param index="11">
              <value>
                <![CDATA[Gaurav Shah,Sumit Shah]]>
              </value>
            </param>
            <param index="12">
              <value>
                <![CDATA[Sachin Shah,Sunita Shah]]>
              </value>
            </param>
            <param index="13">
              <value>
                <![CDATA[Sanjay Shah,Satish Shah]]>
              </value>
            </param>
            <param index="14">
              <value>
                <![CDATA[5-Aug-2016,5-Jan-2016]]>
              </value>
            </param>
            <param index="15">
              <value>
                <![CDATA[5-Aug-2023,5-Feb-2023]]>
              </value>
            </param>
            <param index="16">
              <value>
                <![CDATA[BOM]]>
              </value>
            </param>
            <param index="17">
              <value>
                <![CDATA[BLR]]>
              </value>
            </param>
            <param index="18">
              <value>
                <![CDATA[1245018]]>
              </value>
            </param>
            <param index="19">
              <value>
                <![CDATA[EK]]>
              </value>
            </param>
            <param index="20">
              <value>
                <![CDATA[EK-Emirates]]>
              </value>
            </param>
            <param index="21">
              <value>
                <![CDATA[One Way]]>
              </value>
            </param>
            <param index="22">
              <value>
                <![CDATA[EK]]>
              </value>
            </param>
            <param index="23">
              <value>
                <![CDATA[137]]>
              </value>
            </param>
            <param index="24">
              <value>
                <![CDATA[12-Aug-2025]]>
              </value>
            </param>
            <param index="25">
              <value>
                <![CDATA[11]]>
              </value>
            </param>
            <param index="26">
              <value>
                <![CDATA[14-Aug-2025]]>
              </value>
            </param>
            <param index="27">
              <value>
                <![CDATA[19]]>
              </value>
            </param>
            <param index="28">
              <value>
                <![CDATA[R]]>
              </value>
            </param>
            <param index="29">
              <value>
                <![CDATA[HK]]>
              </value>
            </param>
            <param index="30">
              <value>
                <![CDATA[784559]]>
              </value>
            </param>
            <param index="31">
              <value>
                <![CDATA[BOM]]>
              </value>
            </param>
            <param index="32">
              <value>
                <![CDATA[BLR]]>
              </value>
            </param>
            <param index="33">
              <value>
                <![CDATA[6E]]>
              </value>
            </param>
            <param index="34">
              <value>
                <![CDATA[148]]>
              </value>
            </param>
            <param index="35">
              <value>
                <![CDATA[15-Aug-2025]]>
              </value>
            </param>
            <param index="36">
              <value>
                <![CDATA[19]]>
              </value>
            </param>
            <param index="37">
              <value>
                <![CDATA[17-Aug-2025]]>
              </value>
            </param>
            <param index="38">
              <value>
                <![CDATA[21]]>
              </value>
            </param>
            <param index="39">
              <value>
                <![CDATA[E]]>
              </value>
            </param>
            <param index="40">
              <value>
                <![CDATA[HK]]>
              </value>
            </param>
            <param index="41">
              <value>
                <![CDATA[784530]]>
              </value>
            </param>
            <param index="42">
              <value>
                <![CDATA[BSP Supplier]]>
              </value>
            </param>
            <param index="43">
              <value>
                <![CDATA[117]]>
              </value>
            </param>
            <param index="44">
              <value>
                <![CDATA[Yes]]>
              </value>
            </param>
            <param index="45">
              <value>
                <![CDATA[Tax,Commission]]>
              </value>
            </param>
            <param index="46">
              <value>
                <![CDATA[1]]>
              </value>
            </param>
            <param index="47">
              <value>
                <![CDATA[YR,YQ]]>
              </value>
            </param>
            <param index="48">
              <value>
                <![CDATA[10,20]]>
              </value>
            </param>
            <param index="49">
              <value>
                <![CDATA[37]]>
              </value>
            </param>
            <param index="50">
              <value>
                <![CDATA[Yes]]>
              </value>
            </param>
            <param index="51">
              <value>
                <![CDATA[Tax,Commission]]>
              </value>
            </param>
            <param index="52">
              <value>
                <![CDATA[1]]>
              </value>
            </param>
            <param index="53">
              <value>
                <![CDATA[YR,YQ]]>
              </value>
            </param>
            <param index="54">
              <value>
                <![CDATA[10,20]]>
              </value>
            </param>
            <param index="55">
              <value>
                <![CDATA[47]]>
              </value>
            </param>
            <param index="56">
              <value>
                <![CDATA[Yes]]>
              </value>
            </param>
            <param index="57">
              <value>
                <![CDATA[Tax,Commission]]>
              </value>
            </param>
            <param index="58">
              <value>
                <![CDATA[2]]>
              </value>
            </param>
            <param index="59">
              <value>
                <![CDATA[YR,YQ]]>
              </value>
            </param>
            <param index="60">
              <value>
                <![CDATA[10,20]]>
              </value>
            </param>
            <param index="61">
              <value>
                <![CDATA[No]]>
              </value>
            </param>
            <param index="62">
              <value>
                <![CDATA[3]]>
              </value>
            </param>
            <param index="63">
              <value>
                <![CDATA[Baggage Charges,Markup,Meal Charges]]>
              </value>
            </param>
            <param index="64">
              <value>
                <![CDATA[10,20,30]]>
              </value>
            </param>
            <param index="65">
              <value>
                <![CDATA[30]]>
              </value>
            </param>
            <param index="66">
              <value>
                <![CDATA[24520257,2488008117,8888888118,8888888828,8888888829]]>
              </value>
            </param>
            <param index="67">
              <value>
                <![CDATA[Cash]]>
              </value>
            </param>
          </params>
          <reporter-output>
          </reporter-output>
        </test-method> <!-- corporateProfiling -->
        <test-method is-config="true" signature="afterMethod()[pri:0, instance:ManualBooking.FlightBookingBODC@c88a337]" started-at="2025-05-27T11:22:42 IST" name="afterMethod" finished-at="2025-05-27T11:22:42 IST" duration-ms="18" status="PASS">
          <reporter-output>
          </reporter-output>
        </test-method> <!-- afterMethod -->
      </class> <!-- ManualBooking.FlightBookingBODC -->
    </test> <!-- Default test -->
  </suite> <!-- Default suite -->
</testng-results>
