<?xml version="1.0" encoding="UTF-8"?>
<testng-results ignored="0" total="1" passed="1" failed="0" skipped="0">
  <reporter-output>
  </reporter-output>
  <suite started-at="2025-02-28T15:03:35 IST" name="Default suite" finished-at="2025-02-28T15:13:34 IST" duration-ms="599929">
    <groups>
    </groups>
    <test started-at="2025-02-28T15:03:35 IST" name="Default test" finished-at="2025-02-28T15:13:34 IST" duration-ms="599929">
      <class name="ManualBooking.HotelBookingBODC">
        <test-method signature="corporateProfiling(java.lang.String,java.lang.String,java.lang.String,java.lang.String,java.lang.String,java.lang.String,java.lang.String,java.lang.String,java.lang.String,java.lang.String,java.lang.String,java.lang.String,java.lang.String,java.lang.String,java.lang.String,java.lang.String,java.lang.String,java.lang.String,java.lang.String,java.lang.String,java.lang.String,java.lang.String,java.lang.String,java.lang.String,java.lang.String,java.lang.String,java.lang.String,java.lang.String,java.lang.String,java.lang.String,java.lang.String,java.lang.String,java.lang.String)[pri:0, instance:ManualBooking.HotelBookingBODC@1b2abca6]" started-at="2025-02-28T15:03:35 IST" name="corporateProfiling" data-provider="getexceldata" finished-at="2025-02-28T15:13:34 IST" duration-ms="598488" status="PASS">
          <params>
            <param index="0">
              <value>
                <![CDATA[Test MO 4]]>
              </value>
            </param>
            <param index="1">
              <value>
                <![CDATA[Verify manual booking for hotel with 2 adult , 1 child and 1 infant]]>
              </value>
            </param>
            <param index="2">
              <value>
                <![CDATA[mo]]>
              </value>
            </param>
            <param index="3">
              <value>
                <![CDATA[//v12staging/backoffice/]]>
              </value>
            </param>
            <param index="4">
              <value>
                <![CDATA[qlabs12345]]>
              </value>
            </param>
            <param index="5">
              <value>
                <![CDATA[ankur_ql]]>
              </value>
            </param>
            <param index="6">
              <value>
                <![CDATA[Ankur@123456]]>
              </value>
            </param>
            <param index="7">
              <value>
                <![CDATA[akshay.kumar@quadlabs.com]]>
              </value>
            </param>
            <param index="8">
              <value>
                <![CDATA[1]]>
              </value>
            </param>
            <param index="9">
              <value>
                <![CDATA[0]]>
              </value>
            </param>
            <param index="10">
              <value>
                <![CDATA[0]]>
              </value>
            </param>
            <param index="11">
              <value>
                <![CDATA[Shubham Shah,Sumit Shah]]>
              </value>
            </param>
            <param index="12">
              <value>
                <![CDATA[Sachin Shah,Sunita Shah]]>
              </value>
            </param>
            <param index="13">
              <value>
                <![CDATA[Sanjay Shah,Satish Shah]]>
              </value>
            </param>
            <param index="14">
              <value>
                <![CDATA[5-Aug-2016,5-Jan-2016]]>
              </value>
            </param>
            <param index="15">
              <value>
                <![CDATA[5-Aug-2023,5-Feb-2023]]>
              </value>
            </param>
            <param index="16">
              <value>
                <![CDATA[Hayatt]]>
              </value>
            </param>
            <param index="17">
              <value>
                <![CDATA[BSP Supplier]]>
              </value>
            </param>
            <param index="18">
              <value>
                <![CDATA[BOM]]>
              </value>
            </param>
            <param index="19">
              <value>
                <![CDATA[BOM -Mumbai(IN)]]>
              </value>
            </param>
            <param index="20">
              <value>
                <![CDATA[15-Sep-2025]]>
              </value>
            </param>
            <param index="21">
              <value>
                <![CDATA[17-Sep-2025]]>
              </value>
            </param>
            <param index="22">
              <value>
                <![CDATA[HK]]>
              </value>
            </param>
            <param index="23">
              <value>
                <![CDATA[9999999104]]>
              </value>
            </param>
            <param index="24">
              <value>
                <![CDATA[Delux Room]]>
              </value>
            </param>
            <param index="25">
              <value>
                <![CDATA[1 Breackfast]]>
              </value>
            </param>
            <param index="26">
              <value>
                <![CDATA[1]]>
              </value>
            </param>
            <param index="27">
              <value>
                <![CDATA[10]]>
              </value>
            </param>
            <param index="28">
              <value>
                <![CDATA[Yes]]>
              </value>
            </param>
            <param index="29">
              <value>
                <![CDATA[3]]>
              </value>
            </param>
            <param index="30">
              <value>
                <![CDATA[Baggage Charges,Markup,Meal Charges]]>
              </value>
            </param>
            <param index="31">
              <value>
                <![CDATA[10,20,30]]>
              </value>
            </param>
            <param index="32">
              <value>
                <![CDATA[Cash]]>
              </value>
            </param>
          </params>
          <reporter-output>
          </reporter-output>
        </test-method> <!-- corporateProfiling -->
        <test-method is-config="true" signature="afterMethod()[pri:0, instance:ManualBooking.HotelBookingBODC@1b2abca6]" started-at="2025-02-28T15:13:34 IST" name="afterMethod" finished-at="2025-02-28T15:13:34 IST" duration-ms="302" status="PASS">
          <reporter-output>
          </reporter-output>
        </test-method> <!-- afterMethod -->
      </class> <!-- ManualBooking.HotelBookingBODC -->
    </test> <!-- Default test -->
  </suite> <!-- Default suite -->
</testng-results>
