<?xml version="1.0" encoding="UTF-8"?>
<!-- Generated by org.testng.reporters.JUnitReportReporter -->
<testsuite hostname="Kumar-Gaurav" failures="0" tests="1" name="Administration_RevenueManagement.CancellationCharges" time="209.075" errors="0" timestamp="2025-03-11T11:05:34 IST" skipped="0">
  <testcase classname="Administration_RevenueManagement.CancellationCharges" name="corporateProfiling" time="209.075"/>
  <system-out/>
</testsuite> <!-- Administration_RevenueManagement.CancellationCharges -->
