<?xml version="1.0" encoding="UTF-8"?>
<!-- Generated by org.testng.reporters.JUnitReportReporter -->
<testsuite hostname="Kumar-Gaurav" failures="0" tests="1" name="Administration_RevenueManagement.CancellationCharges" time="91.025" errors="0" timestamp="2025-03-17T15:38:38 IST" skipped="0">
  <testcase classname="Administration_RevenueManagement.CancellationCharges" name="corporateProfiling" time="91.025"/>
  <system-out/>
</testsuite> <!-- Administration_RevenueManagement.CancellationCharges -->
